Using pre-set license
Built from '2020.3/staging' branch; Version is '2020.3.24f1 (79c78de19888) revision 7980941'; Using compiler version '192528614'; Build Type 'Release'
OS: 'Windows 11  (10.0.22000) 64bit Education' Language: 'ko' Physical Memory: 16252 MB
BatchMode: 1, IsHumanControllingUs: 0, StartBugReporterOnCrash: 0, Is64bit: 1, IsPro: 0

COMMAND LINE ARGUMENTS:
C:\Program Files\Unity\Hub\Editor\2020.3.24f1\Editor\Unity.exe
-adb2
-batchMode
-noUpm
-name
AssetImportWorker0
-projectPath
C:/Users/Oh Jinsu/Documents/GitHub/Yacht Dungeon
-logFile
Logs/AssetImportWorker0.log
-srvPort
54028
Successfully changed project path to: C:/Users/Oh Jinsu/Documents/GitHub/Yacht Dungeon
C:/Users/Oh Jinsu/Documents/GitHub/Yacht Dungeon
Using Asset Import Pipeline V2.
Refreshing native plugins compatible for Editor in 49.66 ms, found 3 plugins.
Preloading 0 native plugins for Editor in 0.00 ms.
Initialize engine version: 2020.3.24f1 (79c78de19888)
[Subsystems] Discovering subsystems at path C:/Program Files/Unity/Hub/Editor/2020.3.24f1/Editor/Data/Resources/UnitySubsystems
[Subsystems] Discovering subsystems at path C:/Users/Oh Jinsu/Documents/GitHub/Yacht Dungeon/Assets
GfxDevice: creating device client; threaded=0
Direct3D:
    Version:  Direct3D 11.0 [level 11.1]
    Renderer: NVIDIA GeForce RTX 3060 Laptop GPU (ID=0x2560)
    Vendor:   
    VRAM:     6023 MB
    Driver:   30.0.15.1236
Initialize mono
Mono path[0] = 'C:/Program Files/Unity/Hub/Editor/2020.3.24f1/Editor/Data/Managed'
Mono path[1] = 'C:/Program Files/Unity/Hub/Editor/2020.3.24f1/Editor/Data/MonoBleedingEdge/lib/mono/unityjit'
Mono config path = 'C:/Program Files/Unity/Hub/Editor/2020.3.24f1/Editor/Data/MonoBleedingEdge/etc'
Using monoOptions --debugger-agent=transport=dt_socket,embedding=1,server=y,suspend=n,address=127.0.0.1:56328
Begin MonoManager ReloadAssembly
Registering precompiled unity dll's ...
Register platform support module: C:/Program Files/Unity/Hub/Editor/2020.3.24f1/Editor/Data/PlaybackEngines/WindowsStandaloneSupport/UnityEditor.WindowsStandalone.Extensions.dll
Registered in 0.001656 seconds.
Native extension for WindowsStandalone target not found
Refreshing native plugins compatible for Editor in 56.51 ms, found 3 plugins.
Preloading 0 native plugins for Editor in 0.00 ms.
Mono: successfully reloaded assembly
- Completed reload, in  0.639 seconds
Domain Reload Profiling:
	ReloadAssembly (639ms)
		BeginReloadAssembly (45ms)
			ExecutionOrderSort (0ms)
			DisableScriptedObjects (0ms)
			BackupInstance (0ms)
			ReleaseScriptingObjects (0ms)
			CreateAndSetChildDomain (1ms)
		EndReloadAssembly (388ms)
			LoadAssemblies (43ms)
			RebuildTransferFunctionScriptingTraits (0ms)
			SetupTypeCache (106ms)
			ReleaseScriptCaches (0ms)
			RebuildScriptCaches (26ms)
			SetupLoadedEditorAssemblies (171ms)
				LogAssemblyErrors (0ms)
				InitializePlatformSupportModulesInManaged (5ms)
				SetLoadedEditorAssemblies (0ms)
				RefreshPlugins (57ms)
				BeforeProcessingInitializeOnLoad (17ms)
				ProcessInitializeOnLoadAttributes (64ms)
				ProcessInitializeOnLoadMethodAttributes (28ms)
				AfterProcessingInitializeOnLoad (0ms)
				EditorAssembliesLoaded (0ms)
			ExecutionOrderSort2 (0ms)
			AwakeInstancesAfterBackupRestoration (0ms)
Platform modules already initialized, skipping
Registering precompiled user dll's ...
Registered in 0.174522 seconds.
Begin MonoManager ReloadAssembly
Native extension for WindowsStandalone target not found
Refreshing native plugins compatible for Editor in 47.88 ms, found 3 plugins.
Preloading 0 native plugins for Editor in 0.00 ms.
Mono: successfully reloaded assembly
- Completed reload, in  0.972 seconds
Domain Reload Profiling:
	ReloadAssembly (973ms)
		BeginReloadAssembly (128ms)
			ExecutionOrderSort (0ms)
			DisableScriptedObjects (6ms)
			BackupInstance (0ms)
			ReleaseScriptingObjects (0ms)
			CreateAndSetChildDomain (25ms)
		EndReloadAssembly (795ms)
			LoadAssemblies (78ms)
			RebuildTransferFunctionScriptingTraits (0ms)
			SetupTypeCache (243ms)
			ReleaseScriptCaches (1ms)
			RebuildScriptCaches (40ms)
			SetupLoadedEditorAssemblies (327ms)
				LogAssemblyErrors (0ms)
				InitializePlatformSupportModulesInManaged (3ms)
				SetLoadedEditorAssemblies (0ms)
				RefreshPlugins (48ms)
				BeforeProcessingInitializeOnLoad (91ms)
				ProcessInitializeOnLoadAttributes (167ms)
				ProcessInitializeOnLoadMethodAttributes (13ms)
				AfterProcessingInitializeOnLoad (5ms)
				EditorAssembliesLoaded (0ms)
			ExecutionOrderSort2 (0ms)
			AwakeInstancesAfterBackupRestoration (5ms)
Platform modules already initialized, skipping
========================================================================
Worker process is ready to serve import requests
Launched and connected shader compiler UnityShaderCompiler.exe after 0.07 seconds
Refreshing native plugins compatible for Editor in 0.56 ms, found 3 plugins.
Preloading 0 native plugins for Editor in 0.00 ms.
Unloading 2323 Unused Serialized files (Serialized files now loaded: 0)
System memory in use before: 103.8 MB.
System memory in use after: 103.9 MB.

Unloading 28 unused Assets to reduce memory usage. Loaded Objects now: 2758.
Total: 3.125500 ms (FindLiveObjects: 0.252000 ms CreateObjectMapping: 0.066700 ms MarkObjects: 2.735500 ms  DeleteObjects: 0.070200 ms)

AssetImportParameters requested are different than current active one (requested -> active):
  custom:framework-win-MediaFoundation: 216162199b28c13a410421893ffa2e32 -> 
  custom:video-decoder-ogg-theora: a1e56fd34408186e4bbccfd4996cb3dc -> 
  custom:container-muxer-webm: aa71ff27fc2769a1b78a27578f13a17b -> 
  custom:container-demuxer-webm: 4f35f7cbe854078d1ac9338744f61a02 -> 
  custom:container-demuxer-ogg: 62fdf1f143b41e24485cea50d1cbac27 -> 
  custom:video-encoder-webm-vp8: eb34c28f22e8b96e1ab97ce403110664 -> 
  custom:video-decoder-webm-vp8: 9c59270c3fd7afecdb556c50c9e8de78 -> 
  custom:audio-decoder-ogg-vorbis: bf7c407c2cedff20999df2af8eb42d56 -> 
  custom:audio-encoder-webm-vorbis: bf7c407c2cedff20999df2af8eb42d56 -> 
========================================================================
Received Import Request.
  path: Assets/Dice/Images/Dice(S)/dice(s)
  artifactKey: Guid(be977d0c52bb9f54dbb03f0f2d6acd0b) Importer(815301076,1909f56bfc062723c751e8b465ee728b)
Start importing Assets/Dice/Images/Dice(S)/dice(s) using Guid(be977d0c52bb9f54dbb03f0f2d6acd0b) Importer(815301076,1909f56bfc062723c751e8b465ee728b)  -> (artifact id: '3f615ff7febd213584f38c468c988c07') in 0.009848 seconds 
  Import took 0.013274 seconds .

========================================================================
Received Prepare
Refreshing native plugins compatible for Editor in 4.03 ms, found 3 plugins.
Preloading 0 native plugins for Editor in 0.00 ms.
Unloading 15 Unused Serialized files (Serialized files now loaded: 0)
System memory in use before: 56.5 MB.
System memory in use after: 56.7 MB.

Unloading 15 unused Assets to reduce memory usage. Loaded Objects now: 2758.
Total: 3.355900 ms (FindLiveObjects: 0.278000 ms CreateObjectMapping: 0.066300 ms MarkObjects: 2.989200 ms  DeleteObjects: 0.021600 ms)

AssetImportParameters requested are different than current active one (requested -> active):
  custom:framework-win-MediaFoundation: 216162199b28c13a410421893ffa2e32 -> 
  custom:video-decoder-ogg-theora: a1e56fd34408186e4bbccfd4996cb3dc -> 
  custom:container-muxer-webm: aa71ff27fc2769a1b78a27578f13a17b -> 
  custom:container-demuxer-webm: 4f35f7cbe854078d1ac9338744f61a02 -> 
  custom:container-demuxer-ogg: 62fdf1f143b41e24485cea50d1cbac27 -> 
  custom:video-encoder-webm-vp8: eb34c28f22e8b96e1ab97ce403110664 -> 
  custom:video-decoder-webm-vp8: 9c59270c3fd7afecdb556c50c9e8de78 -> 
  custom:audio-decoder-ogg-vorbis: bf7c407c2cedff20999df2af8eb42d56 -> 
  custom:audio-encoder-webm-vorbis: bf7c407c2cedff20999df2af8eb42d56 -> 
========================================================================
Received Import Request.
  Time since last request: 215.999525 seconds.
  path: Assets/Prefabs/DiceReward/DiceReward01.prefab
  artifactKey: Guid(0502bd5da7a957445ba8b393694e581f) Importer(815301076,1909f56bfc062723c751e8b465ee728b)
Start importing Assets/Prefabs/DiceReward/DiceReward01.prefab using Guid(0502bd5da7a957445ba8b393694e581f) Importer(815301076,1909f56bfc062723c751e8b465ee728b)  -> (artifact id: 'cc9c5293c0ca800f25420c29f83eaec4') in 0.095165 seconds 
  Import took 0.099050 seconds .

========================================================================
Received Import Request.
  Time since last request: 9.928632 seconds.
  path: Assets/Prefabs/DiceReward/DiceReward01 1.prefab
  artifactKey: Guid(68d7e53b454f4134987461b715d56a96) Importer(815301076,1909f56bfc062723c751e8b465ee728b)
Start importing Assets/Prefabs/DiceReward/DiceReward01 1.prefab using Guid(68d7e53b454f4134987461b715d56a96) Importer(815301076,1909f56bfc062723c751e8b465ee728b)  -> (artifact id: '27a6115fc75b7db0ef4387d2c28dca82') in 0.018885 seconds 
  Import took 0.022537 seconds .

========================================================================
Received Import Request.
  Time since last request: 3.910592 seconds.
  path: Assets/Prefabs/DiceReward/DiceReward01 2.prefab
  artifactKey: Guid(dc93ad4b63de38b4ba5096ba7d093749) Importer(815301076,1909f56bfc062723c751e8b465ee728b)
Start importing Assets/Prefabs/DiceReward/DiceReward01 2.prefab using Guid(dc93ad4b63de38b4ba5096ba7d093749) Importer(815301076,1909f56bfc062723c751e8b465ee728b)  -> (artifact id: '6b8491da0eeac33ffc5a7e0dd8247e2c') in 0.017216 seconds 
  Import took 0.021022 seconds .

========================================================================
Received Import Request.
  Time since last request: 1.587868 seconds.
  path: Assets/Prefabs/DiceReward/DiceReward01 3.prefab
  artifactKey: Guid(ff3899d00edfa8542aa89ef4f15c5136) Importer(815301076,1909f56bfc062723c751e8b465ee728b)
Start importing Assets/Prefabs/DiceReward/DiceReward01 3.prefab using Guid(ff3899d00edfa8542aa89ef4f15c5136) Importer(815301076,1909f56bfc062723c751e8b465ee728b)  -> (artifact id: 'eeb3b8efeba9f3b5ae8bf1d01afd38ab') in 0.013291 seconds 
  Import took 0.017102 seconds .

========================================================================
Received Import Request.
  Time since last request: 0.631501 seconds.
  path: Assets/Prefabs/DiceReward/DiceReward01 4.prefab
  artifactKey: Guid(d5f2ac7715c5cd14a92a8624c584b508) Importer(815301076,1909f56bfc062723c751e8b465ee728b)
Start importing Assets/Prefabs/DiceReward/DiceReward01 4.prefab using Guid(d5f2ac7715c5cd14a92a8624c584b508) Importer(815301076,1909f56bfc062723c751e8b465ee728b)  -> (artifact id: '41f8521649ec5c4e8888d63d3b75f0b7') in 0.014492 seconds 
  Import took 0.018226 seconds .

========================================================================
Received Import Request.
  Time since last request: 1.234227 seconds.
  path: Assets/Prefabs/DiceReward/DiceReward01 5.prefab
  artifactKey: Guid(4b13c045b4c91e2479bd3dfe24d2b02a) Importer(815301076,1909f56bfc062723c751e8b465ee728b)
Start importing Assets/Prefabs/DiceReward/DiceReward01 5.prefab using Guid(4b13c045b4c91e2479bd3dfe24d2b02a) Importer(815301076,1909f56bfc062723c751e8b465ee728b)  -> (artifact id: '8114292fdd26183e733a9b77b9bd7a8c') in 0.012847 seconds 
  Import took 0.016450 seconds .

========================================================================
Received Import Request.
  Time since last request: 0.921426 seconds.
  path: Assets/Prefabs/DiceReward/DiceReward01 6.prefab
  artifactKey: Guid(cef5cdf6ca7aab74c9b86d0b22f496df) Importer(815301076,1909f56bfc062723c751e8b465ee728b)
Start importing Assets/Prefabs/DiceReward/DiceReward01 6.prefab using Guid(cef5cdf6ca7aab74c9b86d0b22f496df) Importer(815301076,1909f56bfc062723c751e8b465ee728b)  -> (artifact id: '979f6c0b3574ec0da20e28cbf862f9b8') in 0.014053 seconds 
  Import took 0.017809 seconds .

========================================================================
Received Import Request.
  Time since last request: 1.953445 seconds.
  path: Assets/Prefabs/DiceReward/DiceReward01 7.prefab
  artifactKey: Guid(9abfc110198f7fe45813ede47391b3b6) Importer(815301076,1909f56bfc062723c751e8b465ee728b)
Start importing Assets/Prefabs/DiceReward/DiceReward01 7.prefab using Guid(9abfc110198f7fe45813ede47391b3b6) Importer(815301076,1909f56bfc062723c751e8b465ee728b)  -> (artifact id: '73fbcec06c3bfe3123571fc0f625df13') in 0.013874 seconds 
  Import took 0.017521 seconds .

========================================================================
Received Import Request.
  Time since last request: 1.748175 seconds.
  path: Assets/Prefabs/DiceReward/DiceReward01 8.prefab
  artifactKey: Guid(c7d701d563c168848addf71e0cdabba7) Importer(815301076,1909f56bfc062723c751e8b465ee728b)
Start importing Assets/Prefabs/DiceReward/DiceReward01 8.prefab using Guid(c7d701d563c168848addf71e0cdabba7) Importer(815301076,1909f56bfc062723c751e8b465ee728b)  -> (artifact id: 'ff6bfde9fd62b2f71c9b333733b27cdb') in 0.013322 seconds 
  Import took 0.016915 seconds .

========================================================================
Received Import Request.
  Time since last request: 46.462765 seconds.
  path: Assets/Prefabs/DiceReward/DiceReward02.prefab
  artifactKey: Guid(68d7e53b454f4134987461b715d56a96) Importer(815301076,1909f56bfc062723c751e8b465ee728b)
Start importing Assets/Prefabs/DiceReward/DiceReward02.prefab using Guid(68d7e53b454f4134987461b715d56a96) Importer(815301076,1909f56bfc062723c751e8b465ee728b)  -> (artifact id: '840820e42fc89047051486975608594c') in 0.017331 seconds 
  Import took 0.021057 seconds .

========================================================================
Received Import Request.
  Time since last request: 8.675598 seconds.
  path: Assets/Prefabs/DiceReward/DiceReward03.prefab
  artifactKey: Guid(dc93ad4b63de38b4ba5096ba7d093749) Importer(815301076,1909f56bfc062723c751e8b465ee728b)
Start importing Assets/Prefabs/DiceReward/DiceReward03.prefab using Guid(dc93ad4b63de38b4ba5096ba7d093749) Importer(815301076,1909f56bfc062723c751e8b465ee728b)  -> (artifact id: '479bb61a972d1b3c40a3a762e2e3eaaf') in 0.016966 seconds 
  Import took 0.020780 seconds .

========================================================================
Received Import Request.
  Time since last request: 8.004176 seconds.
  path: Assets/Prefabs/DiceReward/DiceReward03.prefab
  artifactKey: Guid(dc93ad4b63de38b4ba5096ba7d093749) Importer(815301076,1909f56bfc062723c751e8b465ee728b)
Start importing Assets/Prefabs/DiceReward/DiceReward03.prefab using Guid(dc93ad4b63de38b4ba5096ba7d093749) Importer(815301076,1909f56bfc062723c751e8b465ee728b)  -> (artifact id: 'eeaaf0ad3460b81dcb056895e5b46d52') in 0.008432 seconds 
  Import took 0.012047 seconds .

========================================================================
Received Import Request.
  Time since last request: 36.665608 seconds.
  path: Assets/Prefabs/DiceReward/DiceReward03.prefab
  artifactKey: Guid(dc93ad4b63de38b4ba5096ba7d093749) Importer(815301076,1909f56bfc062723c751e8b465ee728b)
Start importing Assets/Prefabs/DiceReward/DiceReward03.prefab using Guid(dc93ad4b63de38b4ba5096ba7d093749) Importer(815301076,1909f56bfc062723c751e8b465ee728b)  -> (artifact id: '7ce4da3927c382c1b3326ac1193db410') in 0.015920 seconds 
  Import took 0.019661 seconds .

========================================================================
Received Import Request.
  Time since last request: 7.927971 seconds.
  path: Assets/Prefabs/DiceReward/DiceReward04.prefab
  artifactKey: Guid(ff3899d00edfa8542aa89ef4f15c5136) Importer(815301076,1909f56bfc062723c751e8b465ee728b)
Start importing Assets/Prefabs/DiceReward/DiceReward04.prefab using Guid(ff3899d00edfa8542aa89ef4f15c5136) Importer(815301076,1909f56bfc062723c751e8b465ee728b)  -> (artifact id: '3f451093e974fb5543718e23ede17c22') in 0.021659 seconds 
  Import took 0.026947 seconds .

========================================================================
Received Import Request.
  Time since last request: 20.178011 seconds.
  path: Assets/Prefabs/DiceReward/DiceReward04.prefab
  artifactKey: Guid(ff3899d00edfa8542aa89ef4f15c5136) Importer(815301076,1909f56bfc062723c751e8b465ee728b)
Start importing Assets/Prefabs/DiceReward/DiceReward04.prefab using Guid(ff3899d00edfa8542aa89ef4f15c5136) Importer(815301076,1909f56bfc062723c751e8b465ee728b)  -> (artifact id: '04aa7438bc4fd2a84fc1b1c0a4e86288') in 0.019045 seconds 
  Import took 0.023074 seconds .

========================================================================
Received Import Request.
  Time since last request: 4.784330 seconds.
  path: Assets/Prefabs/DiceReward/DiceReward05.prefab
  artifactKey: Guid(d5f2ac7715c5cd14a92a8624c584b508) Importer(815301076,1909f56bfc062723c751e8b465ee728b)
Start importing Assets/Prefabs/DiceReward/DiceReward05.prefab using Guid(d5f2ac7715c5cd14a92a8624c584b508) Importer(815301076,1909f56bfc062723c751e8b465ee728b)  -> (artifact id: '7ba7d4e51bee23bd95c3d8f5da96ac86') in 0.011334 seconds 
  Import took 0.015232 seconds .

========================================================================
Received Import Request.
  Time since last request: 22.942199 seconds.
  path: Assets/Prefabs/DiceReward/DiceReward05.prefab
  artifactKey: Guid(d5f2ac7715c5cd14a92a8624c584b508) Importer(815301076,1909f56bfc062723c751e8b465ee728b)
Start importing Assets/Prefabs/DiceReward/DiceReward05.prefab using Guid(d5f2ac7715c5cd14a92a8624c584b508) Importer(815301076,1909f56bfc062723c751e8b465ee728b)  -> (artifact id: 'b5434222fd8451e5f24064435a420e80') in 0.018338 seconds 
  Import took 0.022255 seconds .

========================================================================
Received Import Request.
  Time since last request: 3.863647 seconds.
  path: Assets/Prefabs/DiceReward/DiceReward06.prefab
  artifactKey: Guid(4b13c045b4c91e2479bd3dfe24d2b02a) Importer(815301076,1909f56bfc062723c751e8b465ee728b)
Start importing Assets/Prefabs/DiceReward/DiceReward06.prefab using Guid(4b13c045b4c91e2479bd3dfe24d2b02a) Importer(815301076,1909f56bfc062723c751e8b465ee728b)  -> (artifact id: '57420ec8af790a68eb45d5492ed8d74b') in 0.015005 seconds 
  Import took 0.020399 seconds .

========================================================================
Received Import Request.
  Time since last request: 25.960301 seconds.
  path: Assets/Prefabs/DiceReward/DiceReward06.prefab
  artifactKey: Guid(4b13c045b4c91e2479bd3dfe24d2b02a) Importer(815301076,1909f56bfc062723c751e8b465ee728b)
Start importing Assets/Prefabs/DiceReward/DiceReward06.prefab using Guid(4b13c045b4c91e2479bd3dfe24d2b02a) Importer(815301076,1909f56bfc062723c751e8b465ee728b)  -> (artifact id: '8f47cf643997538cbcda0f9021744098') in 0.015477 seconds 
  Import took 0.019346 seconds .

========================================================================
Received Import Request.
  Time since last request: 3.641569 seconds.
  path: Assets/Prefabs/DiceReward/DiceReward-7.prefab
  artifactKey: Guid(cef5cdf6ca7aab74c9b86d0b22f496df) Importer(815301076,1909f56bfc062723c751e8b465ee728b)
Start importing Assets/Prefabs/DiceReward/DiceReward-7.prefab using Guid(cef5cdf6ca7aab74c9b86d0b22f496df) Importer(815301076,1909f56bfc062723c751e8b465ee728b)  -> (artifact id: 'f4b3078302a2d681e2a5af3a54372654') in 0.012671 seconds 
  Import took 0.016690 seconds .

========================================================================
Received Import Request.
  Time since last request: 3.344526 seconds.
  path: Assets/Prefabs/DiceReward/DiceReward07.prefab
  artifactKey: Guid(cef5cdf6ca7aab74c9b86d0b22f496df) Importer(815301076,1909f56bfc062723c751e8b465ee728b)
Start importing Assets/Prefabs/DiceReward/DiceReward07.prefab using Guid(cef5cdf6ca7aab74c9b86d0b22f496df) Importer(815301076,1909f56bfc062723c751e8b465ee728b)  -> (artifact id: 'a28f3fe4353bc9b45afddf07591db9eb') in 0.012363 seconds 
  Import took 0.016143 seconds .

========================================================================
Received Import Request.
  Time since last request: 22.215425 seconds.
  path: Assets/Prefabs/DiceReward/DiceReward07.prefab
  artifactKey: Guid(cef5cdf6ca7aab74c9b86d0b22f496df) Importer(815301076,1909f56bfc062723c751e8b465ee728b)
Start importing Assets/Prefabs/DiceReward/DiceReward07.prefab using Guid(cef5cdf6ca7aab74c9b86d0b22f496df) Importer(815301076,1909f56bfc062723c751e8b465ee728b)  -> (artifact id: '353b3f21fcbccd615f80e25716711423') in 0.016802 seconds 
  Import took 0.021063 seconds .

========================================================================
Received Import Request.
  Time since last request: 4.243141 seconds.
  path: Assets/Prefabs/DiceReward/DiceReward08.prefab
  artifactKey: Guid(9abfc110198f7fe45813ede47391b3b6) Importer(815301076,1909f56bfc062723c751e8b465ee728b)
Start importing Assets/Prefabs/DiceReward/DiceReward08.prefab using Guid(9abfc110198f7fe45813ede47391b3b6) Importer(815301076,1909f56bfc062723c751e8b465ee728b)  -> (artifact id: '91654bb6130d40c15104d79fde895d74') in 0.022481 seconds 
  Import took 0.029278 seconds .

========================================================================
Received Import Request.
  Time since last request: 27.458670 seconds.
  path: Assets/Prefabs/DiceReward/DiceReward08.prefab
  artifactKey: Guid(9abfc110198f7fe45813ede47391b3b6) Importer(815301076,1909f56bfc062723c751e8b465ee728b)
Start importing Assets/Prefabs/DiceReward/DiceReward08.prefab using Guid(9abfc110198f7fe45813ede47391b3b6) Importer(815301076,1909f56bfc062723c751e8b465ee728b)  -> (artifact id: 'ffc386fda6a8c974afee8bb4859c31d1') in 0.018871 seconds 
  Import took 0.023005 seconds .

========================================================================
Received Import Request.
  Time since last request: 7.088203 seconds.
  path: Assets/Prefabs/DiceReward/DiceReward09.prefab
  artifactKey: Guid(c7d701d563c168848addf71e0cdabba7) Importer(815301076,1909f56bfc062723c751e8b465ee728b)
Start importing Assets/Prefabs/DiceReward/DiceReward09.prefab using Guid(c7d701d563c168848addf71e0cdabba7) Importer(815301076,1909f56bfc062723c751e8b465ee728b)  -> (artifact id: '254801d2d40774db41dbbb7dee1a83d3') in 0.016743 seconds 
  Import took 0.022710 seconds .

========================================================================
Received Import Request.
  Time since last request: 32.612270 seconds.
  path: Assets/Prefabs/DiceReward/DiceReward09.prefab
  artifactKey: Guid(c7d701d563c168848addf71e0cdabba7) Importer(815301076,1909f56bfc062723c751e8b465ee728b)
Start importing Assets/Prefabs/DiceReward/DiceReward09.prefab using Guid(c7d701d563c168848addf71e0cdabba7) Importer(815301076,1909f56bfc062723c751e8b465ee728b)  -> (artifact id: 'a275f889ff44e0cf37c574113207d991') in 0.016258 seconds 
  Import took 0.019945 seconds .

========================================================================
Received Import Request.
  Time since last request: 40.708697 seconds.
  path: Assets/Prefabs/DiceReward/DiceReward09 1.prefab
  artifactKey: Guid(fc070c38fa9c3994a892c692f35aa1c1) Importer(815301076,1909f56bfc062723c751e8b465ee728b)
Start importing Assets/Prefabs/DiceReward/DiceReward09 1.prefab using Guid(fc070c38fa9c3994a892c692f35aa1c1) Importer(815301076,1909f56bfc062723c751e8b465ee728b)  -> (artifact id: 'f4a2727d4e45b1d05bf3540b6309924b') in 0.013074 seconds 
  Import took 0.016786 seconds .

========================================================================
Received Import Request.
  Time since last request: 1.883032 seconds.
  path: Assets/Prefabs/DiceReward/DiceReward09 2.prefab
  artifactKey: Guid(3671581dc56ef554988fe6b88bf1b78d) Importer(815301076,1909f56bfc062723c751e8b465ee728b)
Start importing Assets/Prefabs/DiceReward/DiceReward09 2.prefab using Guid(3671581dc56ef554988fe6b88bf1b78d) Importer(815301076,1909f56bfc062723c751e8b465ee728b)  -> (artifact id: '8d5e6f2985b7cac6d10b8958943f1241') in 0.013197 seconds 
  Import took 0.017474 seconds .

========================================================================
Received Import Request.
  Time since last request: 1.523019 seconds.
  path: Assets/Prefabs/DiceReward/DiceReward09 3.prefab
  artifactKey: Guid(e9579aab9fc412e40afacd6634b7130a) Importer(815301076,1909f56bfc062723c751e8b465ee728b)
Start importing Assets/Prefabs/DiceReward/DiceReward09 3.prefab using Guid(e9579aab9fc412e40afacd6634b7130a) Importer(815301076,1909f56bfc062723c751e8b465ee728b)  -> (artifact id: '7f89f6ffd3ce6a1fb84c6367d80d5669') in 0.012917 seconds 
  Import took 0.016444 seconds .

========================================================================
Received Import Request.
  Time since last request: 1.871608 seconds.
  path: Assets/Prefabs/DiceReward/DiceReward09 4.prefab
  artifactKey: Guid(c37a3d9b39fee744f83c2a57e396b236) Importer(815301076,1909f56bfc062723c751e8b465ee728b)
Start importing Assets/Prefabs/DiceReward/DiceReward09 4.prefab using Guid(c37a3d9b39fee744f83c2a57e396b236) Importer(815301076,1909f56bfc062723c751e8b465ee728b)  -> (artifact id: '6447ce4c7f05b3b274d6910032e5869a') in 0.013201 seconds 
  Import took 0.016872 seconds .

========================================================================
Received Import Request.
  Time since last request: 1.798869 seconds.
  path: Assets/Prefabs/DiceReward/DiceReward09 5.prefab
  artifactKey: Guid(3eeb6f7d2d024cc46a57f6a16c0c049f) Importer(815301076,1909f56bfc062723c751e8b465ee728b)
Start importing Assets/Prefabs/DiceReward/DiceReward09 5.prefab using Guid(3eeb6f7d2d024cc46a57f6a16c0c049f) Importer(815301076,1909f56bfc062723c751e8b465ee728b)  -> (artifact id: '28d03390e23e1875b6cdd654caf7f557') in 0.011691 seconds 
  Import took 0.015283 seconds .

========================================================================
Received Import Request.
  Time since last request: 1.416554 seconds.
  path: Assets/Prefabs/DiceReward/DiceReward09 6.prefab
  artifactKey: Guid(6d9433c7dec6e634eaf51e698ecd2e26) Importer(815301076,1909f56bfc062723c751e8b465ee728b)
Start importing Assets/Prefabs/DiceReward/DiceReward09 6.prefab using Guid(6d9433c7dec6e634eaf51e698ecd2e26) Importer(815301076,1909f56bfc062723c751e8b465ee728b)  -> (artifact id: '8ab60a7a816963398d046cff2d74be0f') in 0.012254 seconds 
  Import took 0.015970 seconds .

========================================================================
Received Import Request.
  Time since last request: 1.856545 seconds.
  path: Assets/Prefabs/DiceReward/DiceReward09 7.prefab
  artifactKey: Guid(d2552c1f365c3ee4d9a40e35ce9161d0) Importer(815301076,1909f56bfc062723c751e8b465ee728b)
Start importing Assets/Prefabs/DiceReward/DiceReward09 7.prefab using Guid(d2552c1f365c3ee4d9a40e35ce9161d0) Importer(815301076,1909f56bfc062723c751e8b465ee728b)  -> (artifact id: 'da8356751b18963a234941640804fe29') in 0.017501 seconds 
  Import took 0.023757 seconds .

========================================================================
Received Import Request.
  Time since last request: 1.994566 seconds.
  path: Assets/Prefabs/DiceReward/DiceReward09 8.prefab
  artifactKey: Guid(2f521e61811da7d4a957164aff052980) Importer(815301076,1909f56bfc062723c751e8b465ee728b)
Start importing Assets/Prefabs/DiceReward/DiceReward09 8.prefab using Guid(2f521e61811da7d4a957164aff052980) Importer(815301076,1909f56bfc062723c751e8b465ee728b)  -> (artifact id: '868e0952b52496c1fcbe2cca5b7ae218') in 0.011105 seconds 
  Import took 0.014776 seconds .

========================================================================
Received Import Request.
  Time since last request: 1.981761 seconds.
  path: Assets/Prefabs/DiceReward/DiceReward09 9.prefab
  artifactKey: Guid(e4e0a44d3262b694aab1f0060deaf34c) Importer(815301076,1909f56bfc062723c751e8b465ee728b)
Start importing Assets/Prefabs/DiceReward/DiceReward09 9.prefab using Guid(e4e0a44d3262b694aab1f0060deaf34c) Importer(815301076,1909f56bfc062723c751e8b465ee728b)  -> (artifact id: 'f7ea49e29e9890da6fd658a7cc870c01') in 0.011506 seconds 
  Import took 0.015268 seconds .

========================================================================
Received Import Request.
  Time since last request: 10.426984 seconds.
  path: Assets/Prefabs/DiceReward/DiceReward10.prefab
  artifactKey: Guid(fc070c38fa9c3994a892c692f35aa1c1) Importer(815301076,1909f56bfc062723c751e8b465ee728b)
Start importing Assets/Prefabs/DiceReward/DiceReward10.prefab using Guid(fc070c38fa9c3994a892c692f35aa1c1) Importer(815301076,1909f56bfc062723c751e8b465ee728b)  -> (artifact id: '8e7c2c39070a027dbafaa6034cf3214f') in 0.013946 seconds 
  Import took 0.017658 seconds .

========================================================================
Received Import Request.
  Time since last request: 24.338759 seconds.
  path: Assets/Prefabs/DiceReward/DiceReward10.prefab
  artifactKey: Guid(fc070c38fa9c3994a892c692f35aa1c1) Importer(815301076,1909f56bfc062723c751e8b465ee728b)
Start importing Assets/Prefabs/DiceReward/DiceReward10.prefab using Guid(fc070c38fa9c3994a892c692f35aa1c1) Importer(815301076,1909f56bfc062723c751e8b465ee728b)  -> (artifact id: 'bd4559a384e626b7efb1a82799e20b42') in 0.018423 seconds 
  Import took 0.022340 seconds .

========================================================================
Received Import Request.
  Time since last request: 5.153630 seconds.
  path: Assets/Prefabs/DiceReward/DiceReward11.prefab
  artifactKey: Guid(3671581dc56ef554988fe6b88bf1b78d) Importer(815301076,1909f56bfc062723c751e8b465ee728b)
Start importing Assets/Prefabs/DiceReward/DiceReward11.prefab using Guid(3671581dc56ef554988fe6b88bf1b78d) Importer(815301076,1909f56bfc062723c751e8b465ee728b)  -> (artifact id: 'fea48e932ca56b5c09e7976c8ba8f4a2') in 0.011378 seconds 
  Import took 0.015119 seconds .

========================================================================
Received Import Request.
  Time since last request: 43.037743 seconds.
  path: Assets/Prefabs/DiceReward/DiceReward11.prefab
  artifactKey: Guid(3671581dc56ef554988fe6b88bf1b78d) Importer(815301076,1909f56bfc062723c751e8b465ee728b)
Start importing Assets/Prefabs/DiceReward/DiceReward11.prefab using Guid(3671581dc56ef554988fe6b88bf1b78d) Importer(815301076,1909f56bfc062723c751e8b465ee728b)  -> (artifact id: '8ecdfee1fb284f75f280c9f503066558') in 0.019119 seconds 
  Import took 0.022832 seconds .

========================================================================
Received Import Request.
  Time since last request: 7.627717 seconds.
  path: Assets/Prefabs/DiceReward/DiceReward12.prefab
  artifactKey: Guid(e9579aab9fc412e40afacd6634b7130a) Importer(815301076,1909f56bfc062723c751e8b465ee728b)
Start importing Assets/Prefabs/DiceReward/DiceReward12.prefab using Guid(e9579aab9fc412e40afacd6634b7130a) Importer(815301076,1909f56bfc062723c751e8b465ee728b)  -> (artifact id: 'b2881774d4ac1b2563be32120d3988be') in 0.015428 seconds 
  Import took 0.019766 seconds .

========================================================================
Received Import Request.
  Time since last request: 26.987068 seconds.
  path: Assets/Prefabs/DiceReward/DiceReward12.prefab
  artifactKey: Guid(e9579aab9fc412e40afacd6634b7130a) Importer(815301076,1909f56bfc062723c751e8b465ee728b)
Start importing Assets/Prefabs/DiceReward/DiceReward12.prefab using Guid(e9579aab9fc412e40afacd6634b7130a) Importer(815301076,1909f56bfc062723c751e8b465ee728b)  -> (artifact id: '989d49fcd4a36e0ae842d3dae9cdf9bd') in 0.016650 seconds 
  Import took 0.020610 seconds .

========================================================================
Received Import Request.
  Time since last request: 4.556343 seconds.
  path: Assets/Prefabs/DiceReward/DiceReward13.prefab
  artifactKey: Guid(c37a3d9b39fee744f83c2a57e396b236) Importer(815301076,1909f56bfc062723c751e8b465ee728b)
Start importing Assets/Prefabs/DiceReward/DiceReward13.prefab using Guid(c37a3d9b39fee744f83c2a57e396b236) Importer(815301076,1909f56bfc062723c751e8b465ee728b)  -> (artifact id: '6309c0980d1208a1fa41173f4d0c1013') in 0.012190 seconds 
  Import took 0.016154 seconds .

========================================================================
Received Import Request.
  Time since last request: 7.629247 seconds.
  path: ProjectSettings/TagManager.asset
  artifactKey: Guid(00000000000000003000000000000000) Importer(815301076,1909f56bfc062723c751e8b465ee728b)
Start importing ProjectSettings/TagManager.asset using Guid(00000000000000003000000000000000) Importer(815301076,1909f56bfc062723c751e8b465ee728b)  -> (artifact id: '8670f146b0e94251fe64b0a83f4f893d') in 0.008911 seconds 
  Import took 0.012475 seconds .

========================================================================
Received Import Request.
  Time since last request: 12.156061 seconds.
  path: Assets/Prefabs/DiceReward/DiceReward01.prefab
  artifactKey: Guid(0502bd5da7a957445ba8b393694e581f) Importer(815301076,1909f56bfc062723c751e8b465ee728b)
Start importing Assets/Prefabs/DiceReward/DiceReward01.prefab using Guid(0502bd5da7a957445ba8b393694e581f) Importer(815301076,1909f56bfc062723c751e8b465ee728b)  -> (artifact id: 'cdc56cf5f432801fd5c89b0ea0f8a227') in 0.013730 seconds 
  Import took 0.017532 seconds .

========================================================================
Received Import Request.
  Time since last request: 0.000143 seconds.
  path: Assets/Prefabs/DiceReward/DiceReward02.prefab
  artifactKey: Guid(68d7e53b454f4134987461b715d56a96) Importer(815301076,1909f56bfc062723c751e8b465ee728b)
Start importing Assets/Prefabs/DiceReward/DiceReward02.prefab using Guid(68d7e53b454f4134987461b715d56a96) Importer(815301076,1909f56bfc062723c751e8b465ee728b)  -> (artifact id: '201ef7a240e5659795cb131a7a8a430d') in 0.016241 seconds 
  Import took 0.020391 seconds .

========================================================================
Received Import Request.
  Time since last request: 0.000176 seconds.
  path: Assets/Prefabs/DiceReward/DiceReward11.prefab
  artifactKey: Guid(3671581dc56ef554988fe6b88bf1b78d) Importer(815301076,1909f56bfc062723c751e8b465ee728b)
Start importing Assets/Prefabs/DiceReward/DiceReward11.prefab using Guid(3671581dc56ef554988fe6b88bf1b78d) Importer(815301076,1909f56bfc062723c751e8b465ee728b)  -> (artifact id: 'b9b9911c1ed678e5db238c6dac2134c0') in 0.016497 seconds 
  Import took 0.019990 seconds .

========================================================================
Received Import Request.
  Time since last request: 0.000172 seconds.
  path: Assets/Prefabs/DiceReward/DiceReward09 6.prefab
  artifactKey: Guid(6d9433c7dec6e634eaf51e698ecd2e26) Importer(815301076,1909f56bfc062723c751e8b465ee728b)
Start importing Assets/Prefabs/DiceReward/DiceReward09 6.prefab using Guid(6d9433c7dec6e634eaf51e698ecd2e26) Importer(815301076,1909f56bfc062723c751e8b465ee728b)  -> (artifact id: '0a333338415c31132a3261b69ee5234f') in 0.009624 seconds 
  Import took 0.013119 seconds .

========================================================================
Received Import Request.
  Time since last request: 0.000164 seconds.
  path: Assets/Prefabs/DiceReward/DiceReward07.prefab
  artifactKey: Guid(cef5cdf6ca7aab74c9b86d0b22f496df) Importer(815301076,1909f56bfc062723c751e8b465ee728b)
Start importing Assets/Prefabs/DiceReward/DiceReward07.prefab using Guid(cef5cdf6ca7aab74c9b86d0b22f496df) Importer(815301076,1909f56bfc062723c751e8b465ee728b)  -> (artifact id: '4b747a53f0103be349a0f7647c9399fa') in 0.011145 seconds 
  Import took 0.014653 seconds .

========================================================================
Received Import Request.
  Time since last request: 0.000205 seconds.
  path: Assets/Prefabs/DiceReward/DiceReward12.prefab
  artifactKey: Guid(e9579aab9fc412e40afacd6634b7130a) Importer(815301076,1909f56bfc062723c751e8b465ee728b)
Start importing Assets/Prefabs/DiceReward/DiceReward12.prefab using Guid(e9579aab9fc412e40afacd6634b7130a) Importer(815301076,1909f56bfc062723c751e8b465ee728b)  -> (artifact id: '6ebf78e23a7976302f952b8ecfe3ec2f') in 0.009004 seconds 
  Import took 0.012608 seconds .

========================================================================
Received Import Request.
  Time since last request: 0.000170 seconds.
  path: Assets/Prefabs/DiceReward/DiceReward05.prefab
  artifactKey: Guid(d5f2ac7715c5cd14a92a8624c584b508) Importer(815301076,1909f56bfc062723c751e8b465ee728b)
Start importing Assets/Prefabs/DiceReward/DiceReward05.prefab using Guid(d5f2ac7715c5cd14a92a8624c584b508) Importer(815301076,1909f56bfc062723c751e8b465ee728b)  -> (artifact id: '64549af7ad7954dfb5485a5e3578ce6a') in 0.018770 seconds 
  Import took 0.022287 seconds .

========================================================================
Received Import Request.
  Time since last request: 0.000336 seconds.
  path: Assets/Prefabs/DiceReward/DiceReward09 7.prefab
  artifactKey: Guid(d2552c1f365c3ee4d9a40e35ce9161d0) Importer(815301076,1909f56bfc062723c751e8b465ee728b)
Start importing Assets/Prefabs/DiceReward/DiceReward09 7.prefab using Guid(d2552c1f365c3ee4d9a40e35ce9161d0) Importer(815301076,1909f56bfc062723c751e8b465ee728b)  -> (artifact id: 'a9eb824f3d8e8b65a31af35ae20baa41') in 0.008543 seconds 
  Import took 0.012046 seconds .

========================================================================
Received Import Request.
  Time since last request: 0.000157 seconds.
  path: Assets/Prefabs/DiceReward/DiceReward13.prefab
  artifactKey: Guid(c37a3d9b39fee744f83c2a57e396b236) Importer(815301076,1909f56bfc062723c751e8b465ee728b)
Start importing Assets/Prefabs/DiceReward/DiceReward13.prefab using Guid(c37a3d9b39fee744f83c2a57e396b236) Importer(815301076,1909f56bfc062723c751e8b465ee728b)  -> (artifact id: '8f7b724ed6a677737868202e60c739cc') in 0.009698 seconds 
  Import took 0.013535 seconds .

========================================================================
Received Import Request.
  Time since last request: 0.000308 seconds.
  path: Assets/Prefabs/DiceReward/DiceReward09 8.prefab
  artifactKey: Guid(2f521e61811da7d4a957164aff052980) Importer(815301076,1909f56bfc062723c751e8b465ee728b)
Start importing Assets/Prefabs/DiceReward/DiceReward09 8.prefab using Guid(2f521e61811da7d4a957164aff052980) Importer(815301076,1909f56bfc062723c751e8b465ee728b)  -> (artifact id: 'a18d1e16e41f9db9b79e415f34d93921') in 0.012528 seconds 
  Import took 0.016429 seconds .

========================================================================
Received Import Request.
  Time since last request: 0.000149 seconds.
  path: Assets/Prefabs/DiceReward/DiceReward06.prefab
  artifactKey: Guid(4b13c045b4c91e2479bd3dfe24d2b02a) Importer(815301076,1909f56bfc062723c751e8b465ee728b)
Start importing Assets/Prefabs/DiceReward/DiceReward06.prefab using Guid(4b13c045b4c91e2479bd3dfe24d2b02a) Importer(815301076,1909f56bfc062723c751e8b465ee728b)  -> (artifact id: '57e7b99df5956596ec334eceb9dedd7a') in 0.013839 seconds 
  Import took 0.017144 seconds .

========================================================================
Received Import Request.
  Time since last request: 0.000157 seconds.
  path: Assets/Prefabs/DiceReward/DiceReward04.prefab
  artifactKey: Guid(ff3899d00edfa8542aa89ef4f15c5136) Importer(815301076,1909f56bfc062723c751e8b465ee728b)
Start importing Assets/Prefabs/DiceReward/DiceReward04.prefab using Guid(ff3899d00edfa8542aa89ef4f15c5136) Importer(815301076,1909f56bfc062723c751e8b465ee728b)  -> (artifact id: 'de26637e2ea0ab82effe9fa003169722') in 0.017525 seconds 
  Import took 0.020977 seconds .

========================================================================
Received Import Request.
  Time since last request: 0.000146 seconds.
  path: Assets/Prefabs/DiceReward/DiceReward09.prefab
  artifactKey: Guid(c7d701d563c168848addf71e0cdabba7) Importer(815301076,1909f56bfc062723c751e8b465ee728b)
Start importing Assets/Prefabs/DiceReward/DiceReward09.prefab using Guid(c7d701d563c168848addf71e0cdabba7) Importer(815301076,1909f56bfc062723c751e8b465ee728b)  -> (artifact id: '0dbdaea778eb030d63df0d563284c2c2') in 0.013000 seconds 
  Import took 0.016744 seconds .

========================================================================
Received Import Request.
  Time since last request: 0.000180 seconds.
  path: Assets/Prefabs/DiceReward/DiceReward10.prefab
  artifactKey: Guid(fc070c38fa9c3994a892c692f35aa1c1) Importer(815301076,1909f56bfc062723c751e8b465ee728b)
Start importing Assets/Prefabs/DiceReward/DiceReward10.prefab using Guid(fc070c38fa9c3994a892c692f35aa1c1) Importer(815301076,1909f56bfc062723c751e8b465ee728b)  -> (artifact id: 'd51693e4fe3054b6e6c5d0d785949778') in 0.011230 seconds 
  Import took 0.014616 seconds .

========================================================================
Received Import Request.
  Time since last request: 0.000155 seconds.
  path: Assets/Prefabs/DiceReward/DiceReward09 9.prefab
  artifactKey: Guid(e4e0a44d3262b694aab1f0060deaf34c) Importer(815301076,1909f56bfc062723c751e8b465ee728b)
Start importing Assets/Prefabs/DiceReward/DiceReward09 9.prefab using Guid(e4e0a44d3262b694aab1f0060deaf34c) Importer(815301076,1909f56bfc062723c751e8b465ee728b)  -> (artifact id: '1f38232174fd66e52c5639a9a1991e30') in 0.010651 seconds 
  Import took 0.013982 seconds .

========================================================================
Received Import Request.
  Time since last request: 0.000152 seconds.
  path: Assets/Prefabs/DiceReward/DiceReward09 5.prefab
  artifactKey: Guid(3eeb6f7d2d024cc46a57f6a16c0c049f) Importer(815301076,1909f56bfc062723c751e8b465ee728b)
Start importing Assets/Prefabs/DiceReward/DiceReward09 5.prefab using Guid(3eeb6f7d2d024cc46a57f6a16c0c049f) Importer(815301076,1909f56bfc062723c751e8b465ee728b)  -> (artifact id: '30b3ce2f08377290912e6bbffa8322b9') in 0.016619 seconds 
  Import took 0.019963 seconds .

========================================================================
Received Import Request.
  Time since last request: 0.000151 seconds.
  path: Assets/Prefabs/DiceReward/DiceReward03.prefab
  artifactKey: Guid(dc93ad4b63de38b4ba5096ba7d093749) Importer(815301076,1909f56bfc062723c751e8b465ee728b)
Start importing Assets/Prefabs/DiceReward/DiceReward03.prefab using Guid(dc93ad4b63de38b4ba5096ba7d093749) Importer(815301076,1909f56bfc062723c751e8b465ee728b)  -> (artifact id: '05572b9a6a2eac3d48c4970015f4dedd') in 0.009477 seconds 
  Import took 0.013325 seconds .

========================================================================
Received Import Request.
  Time since last request: 0.000165 seconds.
  path: Assets/Prefabs/DiceReward/DiceReward08.prefab
  artifactKey: Guid(9abfc110198f7fe45813ede47391b3b6) Importer(815301076,1909f56bfc062723c751e8b465ee728b)
Start importing Assets/Prefabs/DiceReward/DiceReward08.prefab using Guid(9abfc110198f7fe45813ede47391b3b6) Importer(815301076,1909f56bfc062723c751e8b465ee728b)  -> (artifact id: '725fbe6839864c07888e12bf175ab60f') in 0.013670 seconds 
  Import took 0.016988 seconds .

========================================================================
Received Import Request.
  Time since last request: 82.519337 seconds.
  path: Assets/Prefabs/DiceReward/DiceReward13.prefab
  artifactKey: Guid(c37a3d9b39fee744f83c2a57e396b236) Importer(815301076,1909f56bfc062723c751e8b465ee728b)
Start importing Assets/Prefabs/DiceReward/DiceReward13.prefab using Guid(c37a3d9b39fee744f83c2a57e396b236) Importer(815301076,1909f56bfc062723c751e8b465ee728b)  -> (artifact id: '738eb50a48ddb51237361cccfa160a9a') in 0.019570 seconds 
  Import took 0.027558 seconds .

========================================================================
Received Import Request.
  Time since last request: 7.229516 seconds.
  path: Assets/Prefabs/DiceReward/DiceReward14.prefab
  artifactKey: Guid(3eeb6f7d2d024cc46a57f6a16c0c049f) Importer(815301076,1909f56bfc062723c751e8b465ee728b)
Start importing Assets/Prefabs/DiceReward/DiceReward14.prefab using Guid(3eeb6f7d2d024cc46a57f6a16c0c049f) Importer(815301076,1909f56bfc062723c751e8b465ee728b)  -> (artifact id: '383829761b96c292295c095204b1919b') in 0.012549 seconds 
  Import took 0.017020 seconds .

========================================================================
Received Import Request.
  Time since last request: 33.685209 seconds.
  path: Assets/Prefabs/DiceReward/DiceReward14.prefab
  artifactKey: Guid(3eeb6f7d2d024cc46a57f6a16c0c049f) Importer(815301076,1909f56bfc062723c751e8b465ee728b)
Start importing Assets/Prefabs/DiceReward/DiceReward14.prefab using Guid(3eeb6f7d2d024cc46a57f6a16c0c049f) Importer(815301076,1909f56bfc062723c751e8b465ee728b)  -> (artifact id: 'c38a00126ea4af1741b77c09a44b2649') in 0.021692 seconds 
  Import took 0.026074 seconds .

========================================================================
Received Import Request.
  Time since last request: 3.060433 seconds.
  path: Assets/Prefabs/DiceReward/DiceReward15.prefab
  artifactKey: Guid(6d9433c7dec6e634eaf51e698ecd2e26) Importer(815301076,1909f56bfc062723c751e8b465ee728b)
Start importing Assets/Prefabs/DiceReward/DiceReward15.prefab using Guid(6d9433c7dec6e634eaf51e698ecd2e26) Importer(815301076,1909f56bfc062723c751e8b465ee728b)  -> (artifact id: '125d9646a0e2fcc72741d9472cbdba67') in 0.013658 seconds 
  Import took 0.017407 seconds .

========================================================================
Received Import Request.
  Time since last request: 25.212351 seconds.
  path: Assets/Prefabs/DiceReward/DiceReward15.prefab
  artifactKey: Guid(6d9433c7dec6e634eaf51e698ecd2e26) Importer(815301076,1909f56bfc062723c751e8b465ee728b)
Start importing Assets/Prefabs/DiceReward/DiceReward15.prefab using Guid(6d9433c7dec6e634eaf51e698ecd2e26) Importer(815301076,1909f56bfc062723c751e8b465ee728b)  -> (artifact id: 'f2b27b4d92739b3049fbd0271f3fa766') in 0.017015 seconds 
  Import took 0.021335 seconds .

========================================================================
Received Import Request.
  Time since last request: 5.192326 seconds.
  path: Assets/Prefabs/DiceReward/DiceReward16.prefab
  artifactKey: Guid(d2552c1f365c3ee4d9a40e35ce9161d0) Importer(815301076,1909f56bfc062723c751e8b465ee728b)
Start importing Assets/Prefabs/DiceReward/DiceReward16.prefab using Guid(d2552c1f365c3ee4d9a40e35ce9161d0) Importer(815301076,1909f56bfc062723c751e8b465ee728b)  -> (artifact id: 'f1eb40b43d2ac6ff6cb75f66bd74b1fd') in 0.012585 seconds 
  Import took 0.016256 seconds .

========================================================================
Received Import Request.
  Time since last request: 8.086846 seconds.
  path: Assets/Prefabs/DiceReward/DiceReward16.prefab
  artifactKey: Guid(d2552c1f365c3ee4d9a40e35ce9161d0) Importer(815301076,1909f56bfc062723c751e8b465ee728b)
Start importing Assets/Prefabs/DiceReward/DiceReward16.prefab using Guid(d2552c1f365c3ee4d9a40e35ce9161d0) Importer(815301076,1909f56bfc062723c751e8b465ee728b)  -> (artifact id: '3df6a9a1ac289c38c080d4d0d1e320ce') in 0.011631 seconds 
  Import took 0.015908 seconds .

========================================================================
Received Import Request.
  Time since last request: 16.732228 seconds.
  path: Assets/Prefabs/DiceReward/DiceReward16.prefab
  artifactKey: Guid(d2552c1f365c3ee4d9a40e35ce9161d0) Importer(815301076,1909f56bfc062723c751e8b465ee728b)
Start importing Assets/Prefabs/DiceReward/DiceReward16.prefab using Guid(d2552c1f365c3ee4d9a40e35ce9161d0) Importer(815301076,1909f56bfc062723c751e8b465ee728b)  -> (artifact id: '789e8eb7cbd9f82ec7bb58a67f25736d') in 0.008471 seconds 
  Import took 0.012437 seconds .

========================================================================
Received Import Request.
  Time since last request: 3.873309 seconds.
  path: Assets/Prefabs/DiceReward/DiceReward17.prefab
  artifactKey: Guid(2f521e61811da7d4a957164aff052980) Importer(815301076,1909f56bfc062723c751e8b465ee728b)
Start importing Assets/Prefabs/DiceReward/DiceReward17.prefab using Guid(2f521e61811da7d4a957164aff052980) Importer(815301076,1909f56bfc062723c751e8b465ee728b)  -> (artifact id: 'd0a59a083165fb56e365072e68dccf2a') in 0.011848 seconds 
  Import took 0.016091 seconds .

========================================================================
Received Import Request.
  Time since last request: 21.871425 seconds.
  path: Assets/Prefabs/DiceReward/DiceReward17.prefab
  artifactKey: Guid(2f521e61811da7d4a957164aff052980) Importer(815301076,1909f56bfc062723c751e8b465ee728b)
Start importing Assets/Prefabs/DiceReward/DiceReward17.prefab using Guid(2f521e61811da7d4a957164aff052980) Importer(815301076,1909f56bfc062723c751e8b465ee728b)  -> (artifact id: '66624362937a59d642e467fcd478ad4d') in 0.016991 seconds 
  Import took 0.021334 seconds .

========================================================================
Received Import Request.
  Time since last request: 4.296329 seconds.
  path: Assets/Prefabs/DiceReward/DiceReward18.prefab
  artifactKey: Guid(e4e0a44d3262b694aab1f0060deaf34c) Importer(815301076,1909f56bfc062723c751e8b465ee728b)
Start importing Assets/Prefabs/DiceReward/DiceReward18.prefab using Guid(e4e0a44d3262b694aab1f0060deaf34c) Importer(815301076,1909f56bfc062723c751e8b465ee728b)  -> (artifact id: '8de5a090bc7f5ef71ac0f24c0497fadb') in 0.013413 seconds 
  Import took 0.017366 seconds .

========================================================================
Received Import Request.
  Time since last request: 7.276328 seconds.
  path: Assets/Prefabs/DiceReward/DiceReward18.prefab
  artifactKey: Guid(e4e0a44d3262b694aab1f0060deaf34c) Importer(815301076,1909f56bfc062723c751e8b465ee728b)
Start importing Assets/Prefabs/DiceReward/DiceReward18.prefab using Guid(e4e0a44d3262b694aab1f0060deaf34c) Importer(815301076,1909f56bfc062723c751e8b465ee728b)  -> (artifact id: '03f2bc93bd19ffaa5e73d4e2adc7d112') in 0.013331 seconds 
  Import took 0.017012 seconds .

========================================================================
Received Import Request.
  Time since last request: 4.328029 seconds.
  path: Assets/Prefabs/DiceReward/DiceReward18.prefab
  artifactKey: Guid(e4e0a44d3262b694aab1f0060deaf34c) Importer(815301076,1909f56bfc062723c751e8b465ee728b)
Start importing Assets/Prefabs/DiceReward/DiceReward18.prefab using Guid(e4e0a44d3262b694aab1f0060deaf34c) Importer(815301076,1909f56bfc062723c751e8b465ee728b)  -> (artifact id: 'bfe8b6676e82a637ff40c0e89f2b0bca') in 0.013362 seconds 
  Import took 0.017635 seconds .

========================================================================
Received Import Request.
  Time since last request: 2.853510 seconds.
  path: Assets/Prefabs/DiceReward/DiceReward18.prefab
  artifactKey: Guid(e4e0a44d3262b694aab1f0060deaf34c) Importer(815301076,1909f56bfc062723c751e8b465ee728b)
Start importing Assets/Prefabs/DiceReward/DiceReward18.prefab using Guid(e4e0a44d3262b694aab1f0060deaf34c) Importer(815301076,1909f56bfc062723c751e8b465ee728b)  -> (artifact id: '9a417e85891bd0fbd2dc9c0bd6c70a8e') in 0.008135 seconds 
  Import took 0.012316 seconds .

========================================================================
Received Import Request.
  Time since last request: 3.540920 seconds.
  path: Assets/Prefabs/DiceReward/DiceReward18.prefab
  artifactKey: Guid(e4e0a44d3262b694aab1f0060deaf34c) Importer(815301076,1909f56bfc062723c751e8b465ee728b)
Start importing Assets/Prefabs/DiceReward/DiceReward18.prefab using Guid(e4e0a44d3262b694aab1f0060deaf34c) Importer(815301076,1909f56bfc062723c751e8b465ee728b)  -> (artifact id: 'b61a4334d82098bb9c32d3e438b48c5d') in 0.020698 seconds 
  Import took 0.024858 seconds .

========================================================================
Received Import Request.
  Time since last request: 15.474026 seconds.
  path: Assets/Prefabs/DiceReward/DiceReward18 1.prefab
  artifactKey: Guid(638510cb16d3a9a4590a119d1caf605f) Importer(815301076,1909f56bfc062723c751e8b465ee728b)
Start importing Assets/Prefabs/DiceReward/DiceReward18 1.prefab using Guid(638510cb16d3a9a4590a119d1caf605f) Importer(815301076,1909f56bfc062723c751e8b465ee728b)  -> (artifact id: '649bcd83b16d2af2149ba52c28565b2f') in 0.013114 seconds 
  Import took 0.016872 seconds .

========================================================================
Received Import Request.
  Time since last request: 2.003098 seconds.
  path: Assets/Prefabs/DiceReward/DiceReward18 2.prefab
  artifactKey: Guid(a02421601a929da4fbd043c439497f9d) Importer(815301076,1909f56bfc062723c751e8b465ee728b)
Start importing Assets/Prefabs/DiceReward/DiceReward18 2.prefab using Guid(a02421601a929da4fbd043c439497f9d) Importer(815301076,1909f56bfc062723c751e8b465ee728b)  -> (artifact id: '50cfff842f829f38b6b5964d04a435ba') in 0.012266 seconds 
  Import took 0.016050 seconds .

========================================================================
Received Import Request.
  Time since last request: 19.648119 seconds.
  path: Assets/Prefabs/DiceReward/DiceReward19.prefab
  artifactKey: Guid(638510cb16d3a9a4590a119d1caf605f) Importer(815301076,1909f56bfc062723c751e8b465ee728b)
Start importing Assets/Prefabs/DiceReward/DiceReward19.prefab using Guid(638510cb16d3a9a4590a119d1caf605f) Importer(815301076,1909f56bfc062723c751e8b465ee728b)  -> (artifact id: '3bd254180ad3b91f5f31ffe1fbe277d8') in 0.016839 seconds 
  Import took 0.022273 seconds .

========================================================================
Received Import Request.
  Time since last request: 30.675576 seconds.
  path: Assets/Prefabs/DiceReward/DiceReward19.prefab
  artifactKey: Guid(638510cb16d3a9a4590a119d1caf605f) Importer(815301076,1909f56bfc062723c751e8b465ee728b)
Start importing Assets/Prefabs/DiceReward/DiceReward19.prefab using Guid(638510cb16d3a9a4590a119d1caf605f) Importer(815301076,1909f56bfc062723c751e8b465ee728b)  -> (artifact id: '8471c7704d078868349f30c416b4c899') in 0.012097 seconds 
  Import took 0.016548 seconds .

========================================================================
Received Import Request.
  Time since last request: 4.636392 seconds.
  path: Assets/Prefabs/DiceReward/DiceReward20.prefab
  artifactKey: Guid(a02421601a929da4fbd043c439497f9d) Importer(815301076,1909f56bfc062723c751e8b465ee728b)
Start importing Assets/Prefabs/DiceReward/DiceReward20.prefab using Guid(a02421601a929da4fbd043c439497f9d) Importer(815301076,1909f56bfc062723c751e8b465ee728b)  -> (artifact id: '26045d9786b9a2b86e61769b1638770b') in 0.011869 seconds 
  Import took 0.015760 seconds .

========================================================================
Received Import Request.
  Time since last request: 152.895300 seconds.
  path: Assets/Prefabs/DiceReward/DiceReward20.prefab
  artifactKey: Guid(a02421601a929da4fbd043c439497f9d) Importer(815301076,1909f56bfc062723c751e8b465ee728b)
Start importing Assets/Prefabs/DiceReward/DiceReward20.prefab using Guid(a02421601a929da4fbd043c439497f9d) Importer(815301076,1909f56bfc062723c751e8b465ee728b)  -> (artifact id: '554d0434b7afd42930874c7b921366a3') in 0.029045 seconds 
  Import took 0.033207 seconds .

========================================================================
Received Import Request.
  Time since last request: 19.629038 seconds.
  path: Assets/Prefabs/DiceReward/DiceReward20 1.prefab
  artifactKey: Guid(d2e78c1e42893d94891f97418641b3eb) Importer(815301076,1909f56bfc062723c751e8b465ee728b)
Start importing Assets/Prefabs/DiceReward/DiceReward20 1.prefab using Guid(d2e78c1e42893d94891f97418641b3eb) Importer(815301076,1909f56bfc062723c751e8b465ee728b)  -> (artifact id: '5ea6781e409e22a783ad721e56967a1c') in 0.014985 seconds 
  Import took 0.018867 seconds .

========================================================================
Received Import Request.
  Time since last request: 1.780207 seconds.
  path: Assets/Prefabs/DiceReward/DiceReward20 2.prefab
  artifactKey: Guid(39fb077ff2c873d4287c39b0c1175c01) Importer(815301076,1909f56bfc062723c751e8b465ee728b)
Start importing Assets/Prefabs/DiceReward/DiceReward20 2.prefab using Guid(39fb077ff2c873d4287c39b0c1175c01) Importer(815301076,1909f56bfc062723c751e8b465ee728b)  -> (artifact id: '8dc45b20e885d4b6d1be2dabdd14a0a0') in 0.014229 seconds 
  Import took 0.019109 seconds .

========================================================================
Received Import Request.
  Time since last request: 4.745446 seconds.
  path: Assets/Prefabs/DiceReward/DiceReward20 3.prefab
  artifactKey: Guid(8f4677376b2c01d45b7928874a578b4c) Importer(815301076,1909f56bfc062723c751e8b465ee728b)
Start importing Assets/Prefabs/DiceReward/DiceReward20 3.prefab using Guid(8f4677376b2c01d45b7928874a578b4c) Importer(815301076,1909f56bfc062723c751e8b465ee728b)  -> (artifact id: '066ccb4aa6870e1f7592520c829d44b4') in 0.017044 seconds 
  Import took 0.021413 seconds .

========================================================================
Received Import Request.
  Time since last request: 1.677208 seconds.
  path: Assets/Prefabs/DiceReward/DiceReward20 4.prefab
  artifactKey: Guid(cb7b422b5e11c6c4dbb1cdf2eeaec396) Importer(815301076,1909f56bfc062723c751e8b465ee728b)
Start importing Assets/Prefabs/DiceReward/DiceReward20 4.prefab using Guid(cb7b422b5e11c6c4dbb1cdf2eeaec396) Importer(815301076,1909f56bfc062723c751e8b465ee728b)  -> (artifact id: 'cdea809d559b3b1f441e4b216f9600ed') in 0.013344 seconds 
  Import took 0.017138 seconds .

========================================================================
Received Import Request.
  Time since last request: 1.591657 seconds.
  path: Assets/Prefabs/DiceReward/DiceReward20 5.prefab
  artifactKey: Guid(276172b6d1ae2c847bfae91c7b1ce789) Importer(815301076,1909f56bfc062723c751e8b465ee728b)
Start importing Assets/Prefabs/DiceReward/DiceReward20 5.prefab using Guid(276172b6d1ae2c847bfae91c7b1ce789) Importer(815301076,1909f56bfc062723c751e8b465ee728b)  -> (artifact id: '8286ec78ace360ac4262cd79c91c5e82') in 0.012083 seconds 
  Import took 0.015770 seconds .

========================================================================
Received Import Request.
  Time since last request: 1.347025 seconds.
  path: Assets/Prefabs/DiceReward/DiceReward20 6.prefab
  artifactKey: Guid(9ee1c62bdba795642b5da777a5fc8721) Importer(815301076,1909f56bfc062723c751e8b465ee728b)
Start importing Assets/Prefabs/DiceReward/DiceReward20 6.prefab using Guid(9ee1c62bdba795642b5da777a5fc8721) Importer(815301076,1909f56bfc062723c751e8b465ee728b)  -> (artifact id: '261c3b6ff91d6b1fcddef52aa96101e1') in 0.012655 seconds 
  Import took 0.016351 seconds .

========================================================================
Received Import Request.
  Time since last request: 1.508175 seconds.
  path: Assets/Prefabs/DiceReward/DiceReward20 7.prefab
  artifactKey: Guid(c3d7cb45f6190f04492a78d6ee555946) Importer(815301076,1909f56bfc062723c751e8b465ee728b)
Start importing Assets/Prefabs/DiceReward/DiceReward20 7.prefab using Guid(c3d7cb45f6190f04492a78d6ee555946) Importer(815301076,1909f56bfc062723c751e8b465ee728b)  -> (artifact id: 'e24d62b2373c538977ff9c2209cb92e5') in 0.012641 seconds 
  Import took 0.016251 seconds .

========================================================================
Received Import Request.
  Time since last request: 1.325944 seconds.
  path: Assets/Prefabs/DiceReward/DiceReward20 8.prefab
  artifactKey: Guid(b4d949fde44729c4a80ee34c09df4b77) Importer(815301076,1909f56bfc062723c751e8b465ee728b)
Start importing Assets/Prefabs/DiceReward/DiceReward20 8.prefab using Guid(b4d949fde44729c4a80ee34c09df4b77) Importer(815301076,1909f56bfc062723c751e8b465ee728b)  -> (artifact id: 'a115c8bec9a79a1e8cc91a334e69b382') in 0.013853 seconds 
  Import took 0.017550 seconds .

========================================================================
Received Import Request.
  Time since last request: 1.682679 seconds.
  path: Assets/Prefabs/DiceReward/DiceReward20 9.prefab
  artifactKey: Guid(24806f28cef919e49b2206b6dcc77398) Importer(815301076,1909f56bfc062723c751e8b465ee728b)
Start importing Assets/Prefabs/DiceReward/DiceReward20 9.prefab using Guid(24806f28cef919e49b2206b6dcc77398) Importer(815301076,1909f56bfc062723c751e8b465ee728b)  -> (artifact id: '51a117bcf6ae4112cfb7174fa2c5972b') in 0.013353 seconds 
  Import took 0.017026 seconds .

========================================================================
Received Import Request.
  Time since last request: 4.110275 seconds.
  path: Assets/Prefabs/DiceReward/DiceReward21.prefab
  artifactKey: Guid(d2e78c1e42893d94891f97418641b3eb) Importer(815301076,1909f56bfc062723c751e8b465ee728b)
Start importing Assets/Prefabs/DiceReward/DiceReward21.prefab using Guid(d2e78c1e42893d94891f97418641b3eb) Importer(815301076,1909f56bfc062723c751e8b465ee728b)  -> (artifact id: '9925500068e95f51a1f8eb399cafd9dc') in 0.012566 seconds 
  Import took 0.016882 seconds .

========================================================================
Received Import Request.
  Time since last request: 23.547475 seconds.
  path: Assets/Prefabs/DiceReward/DiceReward21.prefab
  artifactKey: Guid(d2e78c1e42893d94891f97418641b3eb) Importer(815301076,1909f56bfc062723c751e8b465ee728b)
Start importing Assets/Prefabs/DiceReward/DiceReward21.prefab using Guid(d2e78c1e42893d94891f97418641b3eb) Importer(815301076,1909f56bfc062723c751e8b465ee728b)  -> (artifact id: '76a49f7775452ee90541ddfd5cea1b8d') in 0.016917 seconds 
  Import took 0.021204 seconds .

========================================================================
Received Import Request.
  Time since last request: 10.500621 seconds.
  path: Assets/Prefabs/DiceReward/DiceReward22.prefab
  artifactKey: Guid(39fb077ff2c873d4287c39b0c1175c01) Importer(815301076,1909f56bfc062723c751e8b465ee728b)
Start importing Assets/Prefabs/DiceReward/DiceReward22.prefab using Guid(39fb077ff2c873d4287c39b0c1175c01) Importer(815301076,1909f56bfc062723c751e8b465ee728b)  -> (artifact id: '8d5525c0fba081ee072fc79bf99d7bae') in 0.014267 seconds 
  Import took 0.018093 seconds .

========================================================================
Received Import Request.
  Time since last request: 15.060804 seconds.
  path: Assets/Prefabs/DiceReward/DiceReward22.prefab
  artifactKey: Guid(39fb077ff2c873d4287c39b0c1175c01) Importer(815301076,1909f56bfc062723c751e8b465ee728b)
Start importing Assets/Prefabs/DiceReward/DiceReward22.prefab using Guid(39fb077ff2c873d4287c39b0c1175c01) Importer(815301076,1909f56bfc062723c751e8b465ee728b)  -> (artifact id: '46560c59cbc5f283b3fcf2c33932b901') in 0.012629 seconds 
  Import took 0.016971 seconds .

========================================================================
Received Import Request.
  Time since last request: 3.664182 seconds.
  path: Assets/Prefabs/DiceReward/DiceReward23.prefab
  artifactKey: Guid(8f4677376b2c01d45b7928874a578b4c) Importer(815301076,1909f56bfc062723c751e8b465ee728b)
Start importing Assets/Prefabs/DiceReward/DiceReward23.prefab using Guid(8f4677376b2c01d45b7928874a578b4c) Importer(815301076,1909f56bfc062723c751e8b465ee728b)  -> (artifact id: 'd3b499198ba06d239e23addd56fe873f') in 0.012148 seconds 
  Import took 0.015979 seconds .

========================================================================
Received Import Request.
  Time since last request: 41.302322 seconds.
  path: Assets/Prefabs/DiceReward/DiceReward23.prefab
  artifactKey: Guid(8f4677376b2c01d45b7928874a578b4c) Importer(815301076,1909f56bfc062723c751e8b465ee728b)
Start importing Assets/Prefabs/DiceReward/DiceReward23.prefab using Guid(8f4677376b2c01d45b7928874a578b4c) Importer(815301076,1909f56bfc062723c751e8b465ee728b)  -> (artifact id: '39cd0dd4598f1427188746830aa42937') in 0.014458 seconds 
  Import took 0.020280 seconds .

========================================================================
Received Import Request.
  Time since last request: 3.526441 seconds.
  path: Assets/Prefabs/DiceReward/DiceReward24.prefab
  artifactKey: Guid(cb7b422b5e11c6c4dbb1cdf2eeaec396) Importer(815301076,1909f56bfc062723c751e8b465ee728b)
Start importing Assets/Prefabs/DiceReward/DiceReward24.prefab using Guid(cb7b422b5e11c6c4dbb1cdf2eeaec396) Importer(815301076,1909f56bfc062723c751e8b465ee728b)  -> (artifact id: '3decb42c6bdf3648762156017d3e30ae') in 0.024494 seconds 
  Import took 0.032011 seconds .

========================================================================
Received Import Request.
  Time since last request: 44.404255 seconds.
  path: Assets/Prefabs/DiceReward/DiceReward24.prefab
  artifactKey: Guid(cb7b422b5e11c6c4dbb1cdf2eeaec396) Importer(815301076,1909f56bfc062723c751e8b465ee728b)
Start importing Assets/Prefabs/DiceReward/DiceReward24.prefab using Guid(cb7b422b5e11c6c4dbb1cdf2eeaec396) Importer(815301076,1909f56bfc062723c751e8b465ee728b)  -> (artifact id: 'e8f830e2c3aaefe70c4aceb768284fc5') in 0.021141 seconds 
  Import took 0.026220 seconds .

========================================================================
Received Import Request.
  Time since last request: 6.370203 seconds.
  path: Assets/Prefabs/DiceReward/DiceReward25.prefab
  artifactKey: Guid(276172b6d1ae2c847bfae91c7b1ce789) Importer(815301076,1909f56bfc062723c751e8b465ee728b)
Start importing Assets/Prefabs/DiceReward/DiceReward25.prefab using Guid(276172b6d1ae2c847bfae91c7b1ce789) Importer(815301076,1909f56bfc062723c751e8b465ee728b)  -> (artifact id: '545267de3c7f474dc6cfa945cf461081') in 0.015002 seconds 
  Import took 0.020671 seconds .

========================================================================
Received Import Request.
  Time since last request: 19.794186 seconds.
  path: Assets/Prefabs/DiceReward/DiceReward25.prefab
  artifactKey: Guid(276172b6d1ae2c847bfae91c7b1ce789) Importer(815301076,1909f56bfc062723c751e8b465ee728b)
Start importing Assets/Prefabs/DiceReward/DiceReward25.prefab using Guid(276172b6d1ae2c847bfae91c7b1ce789) Importer(815301076,1909f56bfc062723c751e8b465ee728b)  -> (artifact id: 'cd34bdab350152c450c09c67e9b5d793') in 0.011263 seconds 
  Import took 0.015017 seconds .

========================================================================
Received Import Request.
  Time since last request: 3.085262 seconds.
  path: Assets/Prefabs/DiceReward/DiceReward26.prefab
  artifactKey: Guid(9ee1c62bdba795642b5da777a5fc8721) Importer(815301076,1909f56bfc062723c751e8b465ee728b)
Start importing Assets/Prefabs/DiceReward/DiceReward26.prefab using Guid(9ee1c62bdba795642b5da777a5fc8721) Importer(815301076,1909f56bfc062723c751e8b465ee728b)  -> (artifact id: 'f413b4be9ad022267db3bc2e83e18d52') in 0.014190 seconds 
  Import took 0.018301 seconds .

========================================================================
Received Import Request.
  Time since last request: 20.694664 seconds.
  path: Assets/Prefabs/DiceReward/DiceReward26.prefab
  artifactKey: Guid(9ee1c62bdba795642b5da777a5fc8721) Importer(815301076,1909f56bfc062723c751e8b465ee728b)
Start importing Assets/Prefabs/DiceReward/DiceReward26.prefab using Guid(9ee1c62bdba795642b5da777a5fc8721) Importer(815301076,1909f56bfc062723c751e8b465ee728b)  -> (artifact id: 'e9830c0a5b9baf3ba53c7d3d52ec31f3') in 0.018836 seconds 
  Import took 0.022903 seconds .

========================================================================
Received Import Request.
  Time since last request: 5.819231 seconds.
  path: Assets/Prefabs/DiceReward/DiceReward27.prefab
  artifactKey: Guid(c3d7cb45f6190f04492a78d6ee555946) Importer(815301076,1909f56bfc062723c751e8b465ee728b)
Start importing Assets/Prefabs/DiceReward/DiceReward27.prefab using Guid(c3d7cb45f6190f04492a78d6ee555946) Importer(815301076,1909f56bfc062723c751e8b465ee728b)  -> (artifact id: '670974694f1be2984a11250c9a67560b') in 0.012254 seconds 
  Import took 0.015950 seconds .

========================================================================
Received Import Request.
  Time since last request: 20.807228 seconds.
  path: Assets/Prefabs/DiceReward/DiceReward27.prefab
  artifactKey: Guid(c3d7cb45f6190f04492a78d6ee555946) Importer(815301076,1909f56bfc062723c751e8b465ee728b)
Start importing Assets/Prefabs/DiceReward/DiceReward27.prefab using Guid(c3d7cb45f6190f04492a78d6ee555946) Importer(815301076,1909f56bfc062723c751e8b465ee728b)  -> (artifact id: 'fc931fdf1441628cad12f69c7b0a8fea') in 0.011103 seconds 
  Import took 0.015219 seconds .

========================================================================
Received Import Request.
  Time since last request: 8.368666 seconds.
  path: Assets/Prefabs/DiceReward/DiceReward28.prefab
  artifactKey: Guid(b4d949fde44729c4a80ee34c09df4b77) Importer(815301076,1909f56bfc062723c751e8b465ee728b)
Start importing Assets/Prefabs/DiceReward/DiceReward28.prefab using Guid(b4d949fde44729c4a80ee34c09df4b77) Importer(815301076,1909f56bfc062723c751e8b465ee728b)  -> (artifact id: '176a006cdd9a6d4693b268b5a26de09a') in 0.011862 seconds 
  Import took 0.015569 seconds .

========================================================================
Received Import Request.
  Time since last request: 17.907416 seconds.
  path: Assets/Prefabs/DiceReward/DiceReward28.prefab
  artifactKey: Guid(b4d949fde44729c4a80ee34c09df4b77) Importer(815301076,1909f56bfc062723c751e8b465ee728b)
Start importing Assets/Prefabs/DiceReward/DiceReward28.prefab using Guid(b4d949fde44729c4a80ee34c09df4b77) Importer(815301076,1909f56bfc062723c751e8b465ee728b)  -> (artifact id: '6eb4b1ca8b03c74ce66e89af6eb8fd53') in 0.011799 seconds 
  Import took 0.015581 seconds .

========================================================================
Received Import Request.
  Time since last request: 4.184005 seconds.
  path: Assets/Prefabs/DiceReward/DiceReward29.prefab
  artifactKey: Guid(24806f28cef919e49b2206b6dcc77398) Importer(815301076,1909f56bfc062723c751e8b465ee728b)
Start importing Assets/Prefabs/DiceReward/DiceReward29.prefab using Guid(24806f28cef919e49b2206b6dcc77398) Importer(815301076,1909f56bfc062723c751e8b465ee728b)  -> (artifact id: 'c101f075cf86edd679bf01f118d1734e') in 0.012755 seconds 
  Import took 0.016460 seconds .

========================================================================
Received Import Request.
  Time since last request: 27.735765 seconds.
  path: Assets/Prefabs/DiceReward/DiceReward29.prefab
  artifactKey: Guid(24806f28cef919e49b2206b6dcc77398) Importer(815301076,1909f56bfc062723c751e8b465ee728b)
Start importing Assets/Prefabs/DiceReward/DiceReward29.prefab using Guid(24806f28cef919e49b2206b6dcc77398) Importer(815301076,1909f56bfc062723c751e8b465ee728b)  -> (artifact id: 'ead4a634f5d2d3b41d84a2e0b2736423') in 0.013798 seconds 
  Import took 0.017864 seconds .

========================================================================
Received Prepare
Registering precompiled user dll's ...
Registered in 0.003724 seconds.
Begin MonoManager ReloadAssembly
Native extension for WindowsStandalone target not found
Refreshing native plugins compatible for Editor in 0.60 ms, found 3 plugins.
Preloading 0 native plugins for Editor in 0.00 ms.
Mono: successfully reloaded assembly
- Completed reload, in  0.803 seconds
Domain Reload Profiling:
	ReloadAssembly (804ms)
		BeginReloadAssembly (122ms)
			ExecutionOrderSort (0ms)
			DisableScriptedObjects (6ms)
			BackupInstance (0ms)
			ReleaseScriptingObjects (0ms)
			CreateAndSetChildDomain (52ms)
		EndReloadAssembly (633ms)
			LoadAssemblies (79ms)
			RebuildTransferFunctionScriptingTraits (0ms)
			SetupTypeCache (215ms)
			ReleaseScriptCaches (1ms)
			RebuildScriptCaches (29ms)
			SetupLoadedEditorAssemblies (242ms)
				LogAssemblyErrors (0ms)
				InitializePlatformSupportModulesInManaged (4ms)
				SetLoadedEditorAssemblies (0ms)
				RefreshPlugins (1ms)
				BeforeProcessingInitializeOnLoad (71ms)
				ProcessInitializeOnLoadAttributes (152ms)
				ProcessInitializeOnLoadMethodAttributes (10ms)
				AfterProcessingInitializeOnLoad (5ms)
				EditorAssembliesLoaded (0ms)
			ExecutionOrderSort2 (0ms)
			AwakeInstancesAfterBackupRestoration (7ms)
Platform modules already initialized, skipping
Refreshing native plugins compatible for Editor in 0.61 ms, found 3 plugins.
Preloading 0 native plugins for Editor in 0.00 ms.
Unloading 2299 Unused Serialized files (Serialized files now loaded: 0)
System memory in use before: 105.1 MB.
System memory in use after: 105.3 MB.

Unloading 18 unused Assets to reduce memory usage. Loaded Objects now: 2767.
Total: 2.874600 ms (FindLiveObjects: 0.262800 ms CreateObjectMapping: 0.058200 ms MarkObjects: 2.535500 ms  DeleteObjects: 0.017000 ms)

AssetImportParameters requested are different than current active one (requested -> active):
  custom:framework-win-MediaFoundation: 216162199b28c13a410421893ffa2e32 -> 
  custom:video-decoder-ogg-theora: a1e56fd34408186e4bbccfd4996cb3dc -> 
  custom:container-muxer-webm: aa71ff27fc2769a1b78a27578f13a17b -> 
  custom:container-demuxer-webm: 4f35f7cbe854078d1ac9338744f61a02 -> 
  custom:container-demuxer-ogg: 62fdf1f143b41e24485cea50d1cbac27 -> 
  custom:video-encoder-webm-vp8: eb34c28f22e8b96e1ab97ce403110664 -> 
  custom:video-decoder-webm-vp8: 9c59270c3fd7afecdb556c50c9e8de78 -> 
  custom:audio-decoder-ogg-vorbis: bf7c407c2cedff20999df2af8eb42d56 -> 
  custom:audio-encoder-webm-vorbis: bf7c407c2cedff20999df2af8eb42d56 -> 
AssetImportWorkerClient::OnTransportError - code=2 error=End of file
