Using pre-set license
Built from '2020.3/staging' branch; Version is '2020.3.24f1 (79c78de19888) revision 7980941'; Using compiler version '192528614'; Build Type 'Release'
OS: 'Windows 10  (10.0.19043) 64bit Education' Language: 'ko' Physical Memory: 16252 MB
BatchMode: 1, IsHumanControllingUs: 0, StartBugReporterOnCrash: 0, Is64bit: 1, IsPro: 0

COMMAND LINE ARGUMENTS:
C:\Program Files\Unity\Hub\Editor\2020.3.24f1\Editor\Unity.exe
-adb2
-batchMode
-noUpm
-name
AssetImportWorker0
-projectPath
C:/Users/Oh Jinsu/Documents/GitHub/Yacht Dungeon
-logFile
Logs/AssetImportWorker0.log
-srvPort
60228
Successfully changed project path to: C:/Users/Oh Jinsu/Documents/GitHub/Yacht Dungeon
C:/Users/Oh Jinsu/Documents/GitHub/Yacht Dungeon
Using Asset Import Pipeline V2.
Refreshing native plugins compatible for Editor in 39.59 ms, found 3 plugins.
Preloading 0 native plugins for Editor in 0.00 ms.
Initialize engine version: 2020.3.24f1 (79c78de19888)
[Subsystems] Discovering subsystems at path C:/Program Files/Unity/Hub/Editor/2020.3.24f1/Editor/Data/Resources/UnitySubsystems
[Subsystems] Discovering subsystems at path C:/Users/Oh Jinsu/Documents/GitHub/Yacht Dungeon/Assets
GfxDevice: creating device client; threaded=0
Direct3D:
    Version:  Direct3D 11.0 [level 11.1]
    Renderer: NVIDIA GeForce RTX 3060 Laptop GPU (ID=0x2560)
    Vendor:   
    VRAM:     6023 MB
    Driver:   27.21.14.6681
Initialize mono
Mono path[0] = 'C:/Program Files/Unity/Hub/Editor/2020.3.24f1/Editor/Data/Managed'
Mono path[1] = 'C:/Program Files/Unity/Hub/Editor/2020.3.24f1/Editor/Data/MonoBleedingEdge/lib/mono/unityjit'
Mono config path = 'C:/Program Files/Unity/Hub/Editor/2020.3.24f1/Editor/Data/MonoBleedingEdge/etc'
Using monoOptions --debugger-agent=transport=dt_socket,embedding=1,server=y,suspend=n,address=127.0.0.1:56680
Begin MonoManager ReloadAssembly
Registering precompiled unity dll's ...
Register platform support module: C:/Program Files/Unity/Hub/Editor/2020.3.24f1/Editor/Data/PlaybackEngines/WindowsStandaloneSupport/UnityEditor.WindowsStandalone.Extensions.dll
Registered in 0.001741 seconds.
Native extension for WindowsStandalone target not found
Refreshing native plugins compatible for Editor in 38.83 ms, found 3 plugins.
Preloading 0 native plugins for Editor in 0.00 ms.
Mono: successfully reloaded assembly
- Completed reload, in  0.464 seconds
Domain Reload Profiling:
	ReloadAssembly (464ms)
		BeginReloadAssembly (48ms)
			ExecutionOrderSort (0ms)
			DisableScriptedObjects (0ms)
			BackupInstance (0ms)
			ReleaseScriptingObjects (0ms)
			CreateAndSetChildDomain (1ms)
		EndReloadAssembly (357ms)
			LoadAssemblies (47ms)
			RebuildTransferFunctionScriptingTraits (0ms)
			SetupTypeCache (108ms)
			ReleaseScriptCaches (0ms)
			RebuildScriptCaches (21ms)
			SetupLoadedEditorAssemblies (145ms)
				LogAssemblyErrors (0ms)
				InitializePlatformSupportModulesInManaged (4ms)
				SetLoadedEditorAssemblies (0ms)
				RefreshPlugins (39ms)
				BeforeProcessingInitializeOnLoad (12ms)
				ProcessInitializeOnLoadAttributes (67ms)
				ProcessInitializeOnLoadMethodAttributes (23ms)
				AfterProcessingInitializeOnLoad (0ms)
				EditorAssembliesLoaded (0ms)
			ExecutionOrderSort2 (0ms)
			AwakeInstancesAfterBackupRestoration (0ms)
Platform modules already initialized, skipping
Registering precompiled user dll's ...
Registered in 0.004127 seconds.
Begin MonoManager ReloadAssembly
Native extension for WindowsStandalone target not found
Refreshing native plugins compatible for Editor in 38.91 ms, found 3 plugins.
Preloading 0 native plugins for Editor in 0.00 ms.
Mono: successfully reloaded assembly
- Completed reload, in  0.870 seconds
Domain Reload Profiling:
	ReloadAssembly (871ms)
		BeginReloadAssembly (114ms)
			ExecutionOrderSort (0ms)
			DisableScriptedObjects (4ms)
			BackupInstance (0ms)
			ReleaseScriptingObjects (0ms)
			CreateAndSetChildDomain (17ms)
		EndReloadAssembly (707ms)
			LoadAssemblies (80ms)
			RebuildTransferFunctionScriptingTraits (0ms)
			SetupTypeCache (217ms)
			ReleaseScriptCaches (1ms)
			RebuildScriptCaches (37ms)
			SetupLoadedEditorAssemblies (285ms)
				LogAssemblyErrors (0ms)
				InitializePlatformSupportModulesInManaged (3ms)
				SetLoadedEditorAssemblies (0ms)
				RefreshPlugins (39ms)
				BeforeProcessingInitializeOnLoad (68ms)
				ProcessInitializeOnLoadAttributes (155ms)
				ProcessInitializeOnLoadMethodAttributes (14ms)
				AfterProcessingInitializeOnLoad (5ms)
				EditorAssembliesLoaded (0ms)
			ExecutionOrderSort2 (0ms)
			AwakeInstancesAfterBackupRestoration (5ms)
Platform modules already initialized, skipping
========================================================================
Worker process is ready to serve import requests
Launched and connected shader compiler UnityShaderCompiler.exe after 0.04 seconds
Refreshing native plugins compatible for Editor in 0.68 ms, found 3 plugins.
Preloading 0 native plugins for Editor in 0.00 ms.
Unloading 2314 Unused Serialized files (Serialized files now loaded: 0)
System memory in use before: 103.5 MB.
System memory in use after: 103.7 MB.

Unloading 28 unused Assets to reduce memory usage. Loaded Objects now: 2749.
Total: 2.883900 ms (FindLiveObjects: 0.208900 ms CreateObjectMapping: 0.067000 ms MarkObjects: 2.532700 ms  DeleteObjects: 0.074300 ms)

AssetImportParameters requested are different than current active one (requested -> active):
  custom:framework-win-MediaFoundation: 216162199b28c13a410421893ffa2e32 -> 
  custom:video-decoder-ogg-theora: a1e56fd34408186e4bbccfd4996cb3dc -> 
  custom:container-muxer-webm: aa71ff27fc2769a1b78a27578f13a17b -> 
  custom:container-demuxer-webm: 4f35f7cbe854078d1ac9338744f61a02 -> 
  custom:container-demuxer-ogg: 62fdf1f143b41e24485cea50d1cbac27 -> 
  custom:video-encoder-webm-vp8: eb34c28f22e8b96e1ab97ce403110664 -> 
  custom:video-decoder-webm-vp8: 9c59270c3fd7afecdb556c50c9e8de78 -> 
  custom:audio-decoder-ogg-vorbis: bf7c407c2cedff20999df2af8eb42d56 -> 
  custom:audio-encoder-webm-vorbis: bf7c407c2cedff20999df2af8eb42d56 -> 
========================================================================
Received Import Request.
  path: Assets/Images/drive-download-20220602T110531Z-001/Table_Choice2.png
  artifactKey: Guid(0b1a6a2dce92dfc4085347c9780b9616) Importer(815301076,1909f56bfc062723c751e8b465ee728b)
Start importing Assets/Images/drive-download-20220602T110531Z-001/Table_Choice2.png using Guid(0b1a6a2dce92dfc4085347c9780b9616) Importer(815301076,1909f56bfc062723c751e8b465ee728b)  -> (artifact id: 'ea9a41c2b27740cf5ca25b6cd414ca41') in 0.076485 seconds 
  Import took 0.080093 seconds .

========================================================================
Received Import Request.
  Time since last request: 0.000191 seconds.
  path: Assets/Images/drive-download-20220602T110531Z-001/Table_Aces2.png
  artifactKey: Guid(1ef53df06cebf9443b4f464456e129ae) Importer(815301076,1909f56bfc062723c751e8b465ee728b)
Start importing Assets/Images/drive-download-20220602T110531Z-001/Table_Aces2.png using Guid(1ef53df06cebf9443b4f464456e129ae) Importer(815301076,1909f56bfc062723c751e8b465ee728b)  -> (artifact id: 'c775de806d78e01fe486285c53ea4fce') in 0.015878 seconds 
  Import took 0.019253 seconds .

========================================================================
Received Import Request.
  Time since last request: 0.000171 seconds.
  path: Assets/Images/drive-download-20220602T110531Z-001/Table_Deuces3.png
  artifactKey: Guid(e900ba803c4b3904caef32e041fab088) Importer(815301076,1909f56bfc062723c751e8b465ee728b)
Start importing Assets/Images/drive-download-20220602T110531Z-001/Table_Deuces3.png using Guid(e900ba803c4b3904caef32e041fab088) Importer(815301076,1909f56bfc062723c751e8b465ee728b)  -> (artifact id: '1c9b4605a989957b9fa663b999c7a278') in 0.016330 seconds 
  Import took 0.019699 seconds .

========================================================================
Received Import Request.
  Time since last request: 0.000161 seconds.
  path: Assets/Images/drive-download-20220602T110531Z-001/Table_Fh3.png
  artifactKey: Guid(18701436e6c4dbe47a8ee01a983d3669) Importer(815301076,1909f56bfc062723c751e8b465ee728b)
Start importing Assets/Images/drive-download-20220602T110531Z-001/Table_Fh3.png using Guid(18701436e6c4dbe47a8ee01a983d3669) Importer(815301076,1909f56bfc062723c751e8b465ee728b)  -> (artifact id: '35cd2453a343e5c33a85e57903673107') in 0.012114 seconds 
  Import took 0.015264 seconds .

========================================================================
Received Import Request.
  Time since last request: 0.000168 seconds.
  path: Assets/Images/drive-download-20220602T110531Z-001/Table_Yacht2.png
  artifactKey: Guid(4fc57ba58775ed84b9acea57cd269b16) Importer(815301076,1909f56bfc062723c751e8b465ee728b)
Start importing Assets/Images/drive-download-20220602T110531Z-001/Table_Yacht2.png using Guid(4fc57ba58775ed84b9acea57cd269b16) Importer(815301076,1909f56bfc062723c751e8b465ee728b)  -> (artifact id: '6eb8386f9b9bc924e630daba0ca1843e') in 0.013621 seconds 
  Import took 0.016864 seconds .

========================================================================
Received Import Request.
  Time since last request: 0.000162 seconds.
  path: Assets/Images/drive-download-20220602T110531Z-001/Table_Choice1.png
  artifactKey: Guid(2c9d255554b65f642bda5521a5caa1c8) Importer(815301076,1909f56bfc062723c751e8b465ee728b)
Start importing Assets/Images/drive-download-20220602T110531Z-001/Table_Choice1.png using Guid(2c9d255554b65f642bda5521a5caa1c8) Importer(815301076,1909f56bfc062723c751e8b465ee728b)  -> (artifact id: 'e26e4870b7bb9d8a44a4f798d52b8bfb') in 0.020233 seconds 
  Import took 0.023572 seconds .

========================================================================
Received Import Request.
  Time since last request: 0.000165 seconds.
  path: Assets/Images/drive-download-20220602T110531Z-001/Table_Choice3.png
  artifactKey: Guid(32449c5278caa57488e3739a1d0ff935) Importer(815301076,1909f56bfc062723c751e8b465ee728b)
Start importing Assets/Images/drive-download-20220602T110531Z-001/Table_Choice3.png using Guid(32449c5278caa57488e3739a1d0ff935) Importer(815301076,1909f56bfc062723c751e8b465ee728b)  -> (artifact id: 'ad5cecf1a79bf4255691ef100f9eb18d') in 0.019107 seconds 
  Import took 0.022164 seconds .

========================================================================
Received Import Request.
  Time since last request: 0.000151 seconds.
  path: Assets/Images/drive-download-20220602T110531Z-001/Table_Aces1.png
  artifactKey: Guid(db85741f93639ae45be5625d7d9895be) Importer(815301076,1909f56bfc062723c751e8b465ee728b)
Start importing Assets/Images/drive-download-20220602T110531Z-001/Table_Aces1.png using Guid(db85741f93639ae45be5625d7d9895be) Importer(815301076,1909f56bfc062723c751e8b465ee728b)  -> (artifact id: 'aa6a37fdd51bf0dfb4b5fe3c85b6c733') in 0.017060 seconds 
  Import took 0.020154 seconds .

========================================================================
Received Import Request.
  Time since last request: 0.000165 seconds.
  path: Assets/Images/drive-download-20220602T110531Z-001/Table_Ss3.png
  artifactKey: Guid(19cb8b79cb98e9a4e8fd52bbec482e64) Importer(815301076,1909f56bfc062723c751e8b465ee728b)
Start importing Assets/Images/drive-download-20220602T110531Z-001/Table_Ss3.png using Guid(19cb8b79cb98e9a4e8fd52bbec482e64) Importer(815301076,1909f56bfc062723c751e8b465ee728b)  -> (artifact id: 'd7a279a06e7ce08a9fa6cf3e5a6cb672') in 0.014186 seconds 
  Import took 0.017454 seconds .

========================================================================
Received Import Request.
  Time since last request: 0.000167 seconds.
  path: Assets/Images/drive-download-20220602T110531Z-001/Table_Deuces1.png
  artifactKey: Guid(8b90ad3deee981d49a29299d615a3168) Importer(815301076,1909f56bfc062723c751e8b465ee728b)
Start importing Assets/Images/drive-download-20220602T110531Z-001/Table_Deuces1.png using Guid(8b90ad3deee981d49a29299d615a3168) Importer(815301076,1909f56bfc062723c751e8b465ee728b)  -> (artifact id: '5cdbf97d73c6f50afde841f5c4f9cfda') in 0.014740 seconds 
  Import took 0.017938 seconds .

========================================================================
Received Import Request.
  Time since last request: 0.000163 seconds.
  path: Assets/Images/drive-download-20220602T110531Z-001/Table_Sixes2.png
  artifactKey: Guid(39ae246f98aabc14d9edafd70e799ea0) Importer(815301076,1909f56bfc062723c751e8b465ee728b)
Start importing Assets/Images/drive-download-20220602T110531Z-001/Table_Sixes2.png using Guid(39ae246f98aabc14d9edafd70e799ea0) Importer(815301076,1909f56bfc062723c751e8b465ee728b)  -> (artifact id: 'c898c310f2c37580ba22fa107126845a') in 0.015283 seconds 
  Import took 0.018468 seconds .

========================================================================
Received Import Request.
  Time since last request: 0.000175 seconds.
  path: Assets/Images/drive-download-20220602T110531Z-001/Table_Deuces2.png
  artifactKey: Guid(de2928c021990be4a88e488113e6350b) Importer(815301076,1909f56bfc062723c751e8b465ee728b)
Start importing Assets/Images/drive-download-20220602T110531Z-001/Table_Deuces2.png using Guid(de2928c021990be4a88e488113e6350b) Importer(815301076,1909f56bfc062723c751e8b465ee728b)  -> (artifact id: '622f73dfa398817bcd8937c8016ca7c1') in 0.015528 seconds 
  Import took 0.018761 seconds .

========================================================================
Received Import Request.
  Time since last request: 0.000175 seconds.
  path: Assets/Images/drive-download-20220602T110531Z-001/Table_Fives3.png
  artifactKey: Guid(8db65f8fc0c51a84da50d2a27b3fa043) Importer(815301076,1909f56bfc062723c751e8b465ee728b)
Start importing Assets/Images/drive-download-20220602T110531Z-001/Table_Fives3.png using Guid(8db65f8fc0c51a84da50d2a27b3fa043) Importer(815301076,1909f56bfc062723c751e8b465ee728b)  -> (artifact id: '3341425091d3680760c7cb437dffc15e') in 0.017601 seconds 
  Import took 0.020768 seconds .

========================================================================
Received Import Request.
  Time since last request: 0.000154 seconds.
  path: Assets/Images/drive-download-20220602T110531Z-001/Table_Fours3.png
  artifactKey: Guid(8e9a6efa12a2977488b0b6865f65fff0) Importer(815301076,1909f56bfc062723c751e8b465ee728b)
Start importing Assets/Images/drive-download-20220602T110531Z-001/Table_Fours3.png using Guid(8e9a6efa12a2977488b0b6865f65fff0) Importer(815301076,1909f56bfc062723c751e8b465ee728b)  -> (artifact id: '2da65aa8633078046089618fe70403ba') in 0.016511 seconds 
  Import took 0.019535 seconds .

========================================================================
Received Import Request.
  Time since last request: 0.000169 seconds.
  path: Assets/Images/drive-download-20220602T110531Z-001/Table_Fours2.png
  artifactKey: Guid(8c78626e83494a844a5895a1a03a97f7) Importer(815301076,1909f56bfc062723c751e8b465ee728b)
Start importing Assets/Images/drive-download-20220602T110531Z-001/Table_Fours2.png using Guid(8c78626e83494a844a5895a1a03a97f7) Importer(815301076,1909f56bfc062723c751e8b465ee728b)  -> (artifact id: 'b8bbadd04cdca88d3d27869e55c72b94') in 0.016709 seconds 
  Import took 0.019934 seconds .

========================================================================
Received Import Request.
  Time since last request: 0.000149 seconds.
  path: Assets/Images/drive-download-20220602T110531Z-001/Table_Threes2.png
  artifactKey: Guid(4ee255d81acecd04d928971fd44a22d6) Importer(815301076,1909f56bfc062723c751e8b465ee728b)
Start importing Assets/Images/drive-download-20220602T110531Z-001/Table_Threes2.png using Guid(4ee255d81acecd04d928971fd44a22d6) Importer(815301076,1909f56bfc062723c751e8b465ee728b)  -> (artifact id: '7c74768ffeafa87e1792f6875cdedbc3') in 0.014581 seconds 
  Import took 0.017712 seconds .

========================================================================
Received Import Request.
  Time since last request: 0.000221 seconds.
  path: Assets/Images/drive-download-20220602T110531Z-001/Table_Threes3.png
  artifactKey: Guid(de7444a92b0a9bd489edb0bed02d3ef3) Importer(815301076,1909f56bfc062723c751e8b465ee728b)
Start importing Assets/Images/drive-download-20220602T110531Z-001/Table_Threes3.png using Guid(de7444a92b0a9bd489edb0bed02d3ef3) Importer(815301076,1909f56bfc062723c751e8b465ee728b)  -> (artifact id: 'cb7f71e0a250f24241cb8e0877298686') in 0.017120 seconds 
  Import took 0.020367 seconds .

========================================================================
Received Import Request.
  Time since last request: 0.000160 seconds.
  path: Assets/Images/drive-download-20220602T110531Z-001/Table_Ss2.png
  artifactKey: Guid(7529b56a41f75e94fb13a5f3379c41f4) Importer(815301076,1909f56bfc062723c751e8b465ee728b)
Start importing Assets/Images/drive-download-20220602T110531Z-001/Table_Ss2.png using Guid(7529b56a41f75e94fb13a5f3379c41f4) Importer(815301076,1909f56bfc062723c751e8b465ee728b)  -> (artifact id: 'c2e4bcb2348570e933bcc752805f928d') in 0.011493 seconds 
  Import took 0.014616 seconds .

========================================================================
Received Import Request.
  Time since last request: 0.000161 seconds.
  path: Assets/Images/drive-download-20220602T110531Z-001/Table_Sixes3.png
  artifactKey: Guid(4d9036b20f11fa24e8c0ddcaaf6b04a3) Importer(815301076,1909f56bfc062723c751e8b465ee728b)
Start importing Assets/Images/drive-download-20220602T110531Z-001/Table_Sixes3.png using Guid(4d9036b20f11fa24e8c0ddcaaf6b04a3) Importer(815301076,1909f56bfc062723c751e8b465ee728b)  -> (artifact id: 'caf974ccd67e0244f1fda8f55985a579') in 0.013284 seconds 
  Import took 0.016495 seconds .

========================================================================
Received Import Request.
  Time since last request: 0.000154 seconds.
  path: Assets/Images/drive-download-20220602T110531Z-001/Table_Yacht3.png
  artifactKey: Guid(976894388db3af8449425f4845aaa721) Importer(815301076,1909f56bfc062723c751e8b465ee728b)
Start importing Assets/Images/drive-download-20220602T110531Z-001/Table_Yacht3.png using Guid(976894388db3af8449425f4845aaa721) Importer(815301076,1909f56bfc062723c751e8b465ee728b)  -> (artifact id: 'a98e74a9cb8940842d2a1a84504ac4e6') in 0.017188 seconds 
  Import took 0.020326 seconds .

========================================================================
Received Import Request.
  Time since last request: 0.000151 seconds.
  path: Assets/Images/drive-download-20220602T110531Z-001/Table_4oak2.png
  artifactKey: Guid(d1e7b4e7b585db34bb0d55a89d6d1132) Importer(815301076,1909f56bfc062723c751e8b465ee728b)
Start importing Assets/Images/drive-download-20220602T110531Z-001/Table_4oak2.png using Guid(d1e7b4e7b585db34bb0d55a89d6d1132) Importer(815301076,1909f56bfc062723c751e8b465ee728b)  -> (artifact id: 'ea12aeeb32b58783cd2bcad7003110aa') in 0.017835 seconds 
  Import took 0.021086 seconds .

========================================================================
Received Import Request.
  Time since last request: 0.000172 seconds.
  path: Assets/Images/drive-download-20220602T110531Z-001/Table_Fives1.png
  artifactKey: Guid(74d06e67f67f1844d9be76893910e3fc) Importer(815301076,1909f56bfc062723c751e8b465ee728b)
Start importing Assets/Images/drive-download-20220602T110531Z-001/Table_Fives1.png using Guid(74d06e67f67f1844d9be76893910e3fc) Importer(815301076,1909f56bfc062723c751e8b465ee728b)  -> (artifact id: 'c89ff889058266951d3658ccdc93c0f5') in 0.017537 seconds 
  Import took 0.020605 seconds .

========================================================================
Received Import Request.
  Time since last request: 0.000161 seconds.
  path: Assets/Images/drive-download-20220602T110531Z-001/Table_Fours1.png
  artifactKey: Guid(f2a32e38755d3344fa012d0e208cf423) Importer(815301076,1909f56bfc062723c751e8b465ee728b)
Start importing Assets/Images/drive-download-20220602T110531Z-001/Table_Fours1.png using Guid(f2a32e38755d3344fa012d0e208cf423) Importer(815301076,1909f56bfc062723c751e8b465ee728b)  -> (artifact id: '5eee42b50327b431eb9550d7b0e0864e') in 0.012397 seconds 
  Import took 0.015678 seconds .

========================================================================
Received Import Request.
  Time since last request: 0.000174 seconds.
  path: Assets/Images/drive-download-20220602T110531Z-001/Table_Fh1.png
  artifactKey: Guid(005a67c43d9ba2146b66383a6b33ceea) Importer(815301076,1909f56bfc062723c751e8b465ee728b)
Start importing Assets/Images/drive-download-20220602T110531Z-001/Table_Fh1.png using Guid(005a67c43d9ba2146b66383a6b33ceea) Importer(815301076,1909f56bfc062723c751e8b465ee728b)  -> (artifact id: 'c472c8f51fcee5e93de51ebb689665f5') in 0.017087 seconds 
  Import took 0.020445 seconds .

========================================================================
Received Import Request.
  Time since last request: 0.000151 seconds.
  path: Assets/Images/drive-download-20220602T110531Z-001/Table_Aces3.png
  artifactKey: Guid(e505fb0fc092790499e9c3add8203d41) Importer(815301076,1909f56bfc062723c751e8b465ee728b)
Start importing Assets/Images/drive-download-20220602T110531Z-001/Table_Aces3.png using Guid(e505fb0fc092790499e9c3add8203d41) Importer(815301076,1909f56bfc062723c751e8b465ee728b)  -> (artifact id: 'ca183bffc78f2c680ed02481aa06cd5d') in 0.015211 seconds 
  Import took 0.018247 seconds .

========================================================================
Received Import Request.
  Time since last request: 0.000155 seconds.
  path: Assets/Images/drive-download-20220602T110531Z-001/Table_4oak3.png
  artifactKey: Guid(3a213475c0a76ca478c98d2fa9765130) Importer(815301076,1909f56bfc062723c751e8b465ee728b)
Start importing Assets/Images/drive-download-20220602T110531Z-001/Table_4oak3.png using Guid(3a213475c0a76ca478c98d2fa9765130) Importer(815301076,1909f56bfc062723c751e8b465ee728b)  -> (artifact id: '0f928e6b95284c42426f7d15e12025b3') in 0.016333 seconds 
  Import took 0.019564 seconds .

========================================================================
Received Import Request.
  Time since last request: 0.000157 seconds.
  path: Assets/Images/drive-download-20220602T110531Z-001/Table_Sixes1.png
  artifactKey: Guid(f30f83efb9badda4f8f4105ec5a3a740) Importer(815301076,1909f56bfc062723c751e8b465ee728b)
Start importing Assets/Images/drive-download-20220602T110531Z-001/Table_Sixes1.png using Guid(f30f83efb9badda4f8f4105ec5a3a740) Importer(815301076,1909f56bfc062723c751e8b465ee728b)  -> (artifact id: '967ccb678ca6b0eada556be1dbd2f576') in 0.011854 seconds 
  Import took 0.014960 seconds .

========================================================================
Received Import Request.
  Time since last request: 0.000173 seconds.
  path: Assets/Images/drive-download-20220602T110531Z-001/Table_Bonus.png
  artifactKey: Guid(acceb79c1b722b042bec0ced832b5608) Importer(815301076,1909f56bfc062723c751e8b465ee728b)
Start importing Assets/Images/drive-download-20220602T110531Z-001/Table_Bonus.png using Guid(acceb79c1b722b042bec0ced832b5608) Importer(815301076,1909f56bfc062723c751e8b465ee728b)  -> (artifact id: '97e52d9a226e89cafae4d7c1238c5112') in 0.013915 seconds 
  Import took 0.017363 seconds .

========================================================================
Received Import Request.
  Time since last request: 0.000182 seconds.
  path: Assets/Images/drive-download-20220602T110531Z-001/Table_Category.png
  artifactKey: Guid(95421812ecfd7664c9f45112d09d04af) Importer(815301076,1909f56bfc062723c751e8b465ee728b)
Start importing Assets/Images/drive-download-20220602T110531Z-001/Table_Category.png using Guid(95421812ecfd7664c9f45112d09d04af) Importer(815301076,1909f56bfc062723c751e8b465ee728b)  -> (artifact id: '3ea35ed7d212b24ebd0d0b55478a5523') in 0.013605 seconds 
  Import took 0.016782 seconds .

========================================================================
Received Import Request.
  Time since last request: 0.000156 seconds.
  path: Assets/Images/drive-download-20220602T110531Z-001/Table_Fh2.png
  artifactKey: Guid(0aa3eadd51b886944a5abc445ad47d2d) Importer(815301076,1909f56bfc062723c751e8b465ee728b)
Start importing Assets/Images/drive-download-20220602T110531Z-001/Table_Fh2.png using Guid(0aa3eadd51b886944a5abc445ad47d2d) Importer(815301076,1909f56bfc062723c751e8b465ee728b)  -> (artifact id: '1d785219df1e5a69d688ea601b32cb70') in 0.015602 seconds 
  Import took 0.018808 seconds .

========================================================================
Received Import Request.
  Time since last request: 0.000161 seconds.
  path: Assets/Images/drive-download-20220602T110531Z-001/Table_Ss1.png
  artifactKey: Guid(920aa32c49fb49344b4858870d00a789) Importer(815301076,1909f56bfc062723c751e8b465ee728b)
Start importing Assets/Images/drive-download-20220602T110531Z-001/Table_Ss1.png using Guid(920aa32c49fb49344b4858870d00a789) Importer(815301076,1909f56bfc062723c751e8b465ee728b)  -> (artifact id: '7c8f9eb4cd4acde23eb05554f5fdb762') in 0.013068 seconds 
  Import took 0.016404 seconds .

========================================================================
Received Import Request.
  Time since last request: 0.000182 seconds.
  path: Assets/Images/drive-download-20220602T110531Z-001/Table_Threes1.png
  artifactKey: Guid(a9a23c12b117616498fed5b3e4f35ccc) Importer(815301076,1909f56bfc062723c751e8b465ee728b)
Start importing Assets/Images/drive-download-20220602T110531Z-001/Table_Threes1.png using Guid(a9a23c12b117616498fed5b3e4f35ccc) Importer(815301076,1909f56bfc062723c751e8b465ee728b)  -> (artifact id: 'e299b1d6e869044c0dfbc86a7a69bb5f') in 0.014848 seconds 
  Import took 0.018047 seconds .

========================================================================
Received Import Request.
  Time since last request: 0.000174 seconds.
  path: Assets/Images/drive-download-20220602T110531Z-001/Table_Ls1.png
  artifactKey: Guid(ca729cfd004b4b24e989e51eb5f058a0) Importer(815301076,1909f56bfc062723c751e8b465ee728b)
Start importing Assets/Images/drive-download-20220602T110531Z-001/Table_Ls1.png using Guid(ca729cfd004b4b24e989e51eb5f058a0) Importer(815301076,1909f56bfc062723c751e8b465ee728b)  -> (artifact id: '04020291e14cf9a8fb57119b7d43e6f7') in 0.016534 seconds 
  Import took 0.019631 seconds .

========================================================================
Received Import Request.
  Time since last request: 0.000158 seconds.
  path: Assets/Images/drive-download-20220602T110531Z-001/Table_Fives2.png
  artifactKey: Guid(7608958e8f5c91e4d9d6c43cc6044d56) Importer(815301076,1909f56bfc062723c751e8b465ee728b)
Start importing Assets/Images/drive-download-20220602T110531Z-001/Table_Fives2.png using Guid(7608958e8f5c91e4d9d6c43cc6044d56) Importer(815301076,1909f56bfc062723c751e8b465ee728b)  -> (artifact id: '89db58972d0feb32b7cc90d0bf27be65') in 0.016078 seconds 
  Import took 0.019223 seconds .

========================================================================
Received Import Request.
  Time since last request: 0.000158 seconds.
  path: Assets/Images/drive-download-20220602T110531Z-001/Table_Ls3.png
  artifactKey: Guid(25dad57a9535a834fa0ca3add87897bc) Importer(815301076,1909f56bfc062723c751e8b465ee728b)
Start importing Assets/Images/drive-download-20220602T110531Z-001/Table_Ls3.png using Guid(25dad57a9535a834fa0ca3add87897bc) Importer(815301076,1909f56bfc062723c751e8b465ee728b)  -> (artifact id: '9b85354436530fe2376b08e1d4e22532') in 0.014803 seconds 
  Import took 0.018001 seconds .

========================================================================
Received Import Request.
  Time since last request: 0.000163 seconds.
  path: Assets/Images/drive-download-20220602T110531Z-001/Table_Yacht1.png
  artifactKey: Guid(3c5468c978f0dfc4c8a932834912ecb7) Importer(815301076,1909f56bfc062723c751e8b465ee728b)
Start importing Assets/Images/drive-download-20220602T110531Z-001/Table_Yacht1.png using Guid(3c5468c978f0dfc4c8a932834912ecb7) Importer(815301076,1909f56bfc062723c751e8b465ee728b)  -> (artifact id: 'cf03ef075dc4e746af3d0d7b48c2ed3f') in 0.013294 seconds 
  Import took 0.016416 seconds .

========================================================================
Received Import Request.
  Time since last request: 0.000164 seconds.
  path: Assets/Images/drive-download-20220602T110531Z-001/Table_Ls2.png
  artifactKey: Guid(9a173426ce59c5741ae2ade381444847) Importer(815301076,1909f56bfc062723c751e8b465ee728b)
Start importing Assets/Images/drive-download-20220602T110531Z-001/Table_Ls2.png using Guid(9a173426ce59c5741ae2ade381444847) Importer(815301076,1909f56bfc062723c751e8b465ee728b)  -> (artifact id: '55a44247769c86613bc4308e89e1ef72') in 0.015051 seconds 
  Import took 0.018010 seconds .

========================================================================
Received Import Request.
  Time since last request: 0.000161 seconds.
  path: Assets/Images/drive-download-20220602T110531Z-001
  artifactKey: Guid(a46459ec862736546858358619efcf23) Importer(815301076,1909f56bfc062723c751e8b465ee728b)
Start importing Assets/Images/drive-download-20220602T110531Z-001 using Guid(a46459ec862736546858358619efcf23) Importer(815301076,1909f56bfc062723c751e8b465ee728b)  -> (artifact id: '5a9190069812843a3b007919bc71b650') in 0.005912 seconds 
  Import took 0.009397 seconds .

========================================================================
Received Import Request.
  Time since last request: 0.000159 seconds.
  path: Assets/Images/drive-download-20220602T110531Z-001/Table_4oak1.png
  artifactKey: Guid(9fa2e80b171e4194cbf14ca96d323298) Importer(815301076,1909f56bfc062723c751e8b465ee728b)
Start importing Assets/Images/drive-download-20220602T110531Z-001/Table_4oak1.png using Guid(9fa2e80b171e4194cbf14ca96d323298) Importer(815301076,1909f56bfc062723c751e8b465ee728b)  -> (artifact id: '1dd31dd87c9c5f5843edfac3b849a8fd') in 0.015675 seconds 
  Import took 0.018713 seconds .

========================================================================
Received Import Request.
  Time since last request: 3.484960 seconds.
  path: Assets/Images/MadeTable
  artifactKey: Guid(a46459ec862736546858358619efcf23) Importer(815301076,1909f56bfc062723c751e8b465ee728b)
Start importing Assets/Images/MadeTable using Guid(a46459ec862736546858358619efcf23) Importer(815301076,1909f56bfc062723c751e8b465ee728b)  -> (artifact id: 'b541877786a607cbd8efaa7cdeb3ae4b') in 0.006240 seconds 
  Import took 0.009794 seconds .

========================================================================
Received Import Request.
  Time since last request: 189.968671 seconds.
  path: Assets/UIScript/Text/DotText.cs
  artifactKey: Guid(5de3eeda484548d48b7d6bcd8fe6c55d) Importer(815301076,1909f56bfc062723c751e8b465ee728b)
Start importing Assets/UIScript/Text/DotText.cs using Guid(5de3eeda484548d48b7d6bcd8fe6c55d) Importer(815301076,1909f56bfc062723c751e8b465ee728b)  -> (artifact id: '7c71605785d371030e962e1524f43479') in 0.008191 seconds 
  Import took 0.012135 seconds .

========================================================================
Received Import Request.
  Time since last request: 13.831768 seconds.
  path: Assets/UIScript/Text/TextManager.cs
  artifactKey: Guid(ad08409e507fe9947aa37ce92df79c08) Importer(815301076,1909f56bfc062723c751e8b465ee728b)
Start importing Assets/UIScript/Text/TextManager.cs using Guid(ad08409e507fe9947aa37ce92df79c08) Importer(815301076,1909f56bfc062723c751e8b465ee728b)  -> (artifact id: '9e2b90eff35d53a4ccd1d37f0a942e5b') in 0.007345 seconds 
  Import took 0.011191 seconds .

========================================================================
Received Prepare
Registering precompiled user dll's ...
Registered in 0.004108 seconds.
Begin MonoManager ReloadAssembly
Native extension for WindowsStandalone target not found
Refreshing native plugins compatible for Editor in 0.57 ms, found 3 plugins.
Preloading 0 native plugins for Editor in 0.00 ms.
Mono: successfully reloaded assembly
- Completed reload, in  0.813 seconds
Domain Reload Profiling:
	ReloadAssembly (813ms)
		BeginReloadAssembly (107ms)
			ExecutionOrderSort (0ms)
			DisableScriptedObjects (5ms)
			BackupInstance (0ms)
			ReleaseScriptingObjects (0ms)
			CreateAndSetChildDomain (33ms)
		EndReloadAssembly (657ms)
			LoadAssemblies (80ms)
			RebuildTransferFunctionScriptingTraits (0ms)
			SetupTypeCache (227ms)
			ReleaseScriptCaches (1ms)
			RebuildScriptCaches (33ms)
			SetupLoadedEditorAssemblies (246ms)
				LogAssemblyErrors (0ms)
				InitializePlatformSupportModulesInManaged (4ms)
				SetLoadedEditorAssemblies (0ms)
				RefreshPlugins (1ms)
				BeforeProcessingInitializeOnLoad (69ms)
				ProcessInitializeOnLoadAttributes (156ms)
				ProcessInitializeOnLoadMethodAttributes (9ms)
				AfterProcessingInitializeOnLoad (7ms)
				EditorAssembliesLoaded (0ms)
			ExecutionOrderSort2 (0ms)
			AwakeInstancesAfterBackupRestoration (8ms)
Platform modules already initialized, skipping
Refreshing native plugins compatible for Editor in 0.55 ms, found 3 plugins.
Preloading 0 native plugins for Editor in 0.00 ms.
Unloading 2291 Unused Serialized files (Serialized files now loaded: 0)
System memory in use before: 104.7 MB.
System memory in use after: 104.9 MB.

Unloading 17 unused Assets to reduce memory usage. Loaded Objects now: 2762.
Total: 2.786400 ms (FindLiveObjects: 0.219200 ms CreateObjectMapping: 0.069800 ms MarkObjects: 2.481000 ms  DeleteObjects: 0.015400 ms)

AssetImportParameters requested are different than current active one (requested -> active):
  custom:framework-win-MediaFoundation: 216162199b28c13a410421893ffa2e32 -> 
  custom:video-decoder-ogg-theora: a1e56fd34408186e4bbccfd4996cb3dc -> 
  custom:container-muxer-webm: aa71ff27fc2769a1b78a27578f13a17b -> 
  custom:container-demuxer-webm: 4f35f7cbe854078d1ac9338744f61a02 -> 
  custom:container-demuxer-ogg: 62fdf1f143b41e24485cea50d1cbac27 -> 
  custom:video-encoder-webm-vp8: eb34c28f22e8b96e1ab97ce403110664 -> 
  custom:video-decoder-webm-vp8: 9c59270c3fd7afecdb556c50c9e8de78 -> 
  custom:audio-decoder-ogg-vorbis: bf7c407c2cedff20999df2af8eb42d56 -> 
  custom:audio-encoder-webm-vorbis: bf7c407c2cedff20999df2af8eb42d56 -> 
========================================================================
Received Prepare
Registering precompiled user dll's ...
Registered in 0.004145 seconds.
Begin MonoManager ReloadAssembly
Native extension for WindowsStandalone target not found
Refreshing native plugins compatible for Editor in 0.56 ms, found 3 plugins.
Preloading 0 native plugins for Editor in 0.00 ms.
Mono: successfully reloaded assembly
- Completed reload, in  0.809 seconds
Domain Reload Profiling:
	ReloadAssembly (809ms)
		BeginReloadAssembly (112ms)
			ExecutionOrderSort (0ms)
			DisableScriptedObjects (6ms)
			BackupInstance (0ms)
			ReleaseScriptingObjects (0ms)
			CreateAndSetChildDomain (30ms)
		EndReloadAssembly (647ms)
			LoadAssemblies (80ms)
			RebuildTransferFunctionScriptingTraits (0ms)
			SetupTypeCache (219ms)
			ReleaseScriptCaches (1ms)
			RebuildScriptCaches (31ms)
			SetupLoadedEditorAssemblies (247ms)
				LogAssemblyErrors (0ms)
				InitializePlatformSupportModulesInManaged (4ms)
				SetLoadedEditorAssemblies (0ms)
				RefreshPlugins (1ms)
				BeforeProcessingInitializeOnLoad (70ms)
				ProcessInitializeOnLoadAttributes (157ms)
				ProcessInitializeOnLoadMethodAttributes (10ms)
				AfterProcessingInitializeOnLoad (5ms)
				EditorAssembliesLoaded (0ms)
			ExecutionOrderSort2 (0ms)
			AwakeInstancesAfterBackupRestoration (7ms)
Platform modules already initialized, skipping
Refreshing native plugins compatible for Editor in 0.59 ms, found 3 plugins.
Preloading 0 native plugins for Editor in 0.00 ms.
Unloading 2291 Unused Serialized files (Serialized files now loaded: 0)
System memory in use before: 104.7 MB.
System memory in use after: 105.0 MB.

Unloading 17 unused Assets to reduce memory usage. Loaded Objects now: 2764.
Total: 2.929900 ms (FindLiveObjects: 0.230200 ms CreateObjectMapping: 0.060000 ms MarkObjects: 2.617900 ms  DeleteObjects: 0.020400 ms)

AssetImportParameters requested are different than current active one (requested -> active):
  custom:framework-win-MediaFoundation: 216162199b28c13a410421893ffa2e32 -> 
  custom:video-decoder-ogg-theora: a1e56fd34408186e4bbccfd4996cb3dc -> 
  custom:container-muxer-webm: aa71ff27fc2769a1b78a27578f13a17b -> 
  custom:container-demuxer-webm: 4f35f7cbe854078d1ac9338744f61a02 -> 
  custom:container-demuxer-ogg: 62fdf1f143b41e24485cea50d1cbac27 -> 
  custom:video-encoder-webm-vp8: eb34c28f22e8b96e1ab97ce403110664 -> 
  custom:video-decoder-webm-vp8: 9c59270c3fd7afecdb556c50c9e8de78 -> 
  custom:audio-decoder-ogg-vorbis: bf7c407c2cedff20999df2af8eb42d56 -> 
  custom:audio-encoder-webm-vorbis: bf7c407c2cedff20999df2af8eb42d56 -> 
========================================================================
Received Prepare
Registering precompiled user dll's ...
Registered in 0.004108 seconds.
Begin MonoManager ReloadAssembly
Native extension for WindowsStandalone target not found
Refreshing native plugins compatible for Editor in 0.56 ms, found 3 plugins.
Preloading 0 native plugins for Editor in 0.00 ms.
Mono: successfully reloaded assembly
- Completed reload, in  0.792 seconds
Domain Reload Profiling:
	ReloadAssembly (793ms)
		BeginReloadAssembly (103ms)
			ExecutionOrderSort (0ms)
			DisableScriptedObjects (5ms)
			BackupInstance (0ms)
			ReleaseScriptingObjects (0ms)
			CreateAndSetChildDomain (31ms)
		EndReloadAssembly (639ms)
			LoadAssemblies (79ms)
			RebuildTransferFunctionScriptingTraits (0ms)
			SetupTypeCache (214ms)
			ReleaseScriptCaches (1ms)
			RebuildScriptCaches (31ms)
			SetupLoadedEditorAssemblies (244ms)
				LogAssemblyErrors (0ms)
				InitializePlatformSupportModulesInManaged (4ms)
				SetLoadedEditorAssemblies (0ms)
				RefreshPlugins (1ms)
				BeforeProcessingInitializeOnLoad (69ms)
				ProcessInitializeOnLoadAttributes (155ms)
				ProcessInitializeOnLoadMethodAttributes (10ms)
				AfterProcessingInitializeOnLoad (6ms)
				EditorAssembliesLoaded (0ms)
			ExecutionOrderSort2 (0ms)
			AwakeInstancesAfterBackupRestoration (7ms)
Platform modules already initialized, skipping
Refreshing native plugins compatible for Editor in 0.56 ms, found 3 plugins.
Preloading 0 native plugins for Editor in 0.00 ms.
Unloading 2291 Unused Serialized files (Serialized files now loaded: 0)
System memory in use before: 104.8 MB.
System memory in use after: 105.0 MB.

Unloading 17 unused Assets to reduce memory usage. Loaded Objects now: 2766.
Total: 2.832800 ms (FindLiveObjects: 0.208700 ms CreateObjectMapping: 0.065500 ms MarkObjects: 2.542000 ms  DeleteObjects: 0.015400 ms)

AssetImportParameters requested are different than current active one (requested -> active):
  custom:framework-win-MediaFoundation: 216162199b28c13a410421893ffa2e32 -> 
  custom:video-decoder-ogg-theora: a1e56fd34408186e4bbccfd4996cb3dc -> 
  custom:container-muxer-webm: aa71ff27fc2769a1b78a27578f13a17b -> 
  custom:container-demuxer-webm: 4f35f7cbe854078d1ac9338744f61a02 -> 
  custom:container-demuxer-ogg: 62fdf1f143b41e24485cea50d1cbac27 -> 
  custom:video-encoder-webm-vp8: eb34c28f22e8b96e1ab97ce403110664 -> 
  custom:video-decoder-webm-vp8: 9c59270c3fd7afecdb556c50c9e8de78 -> 
  custom:audio-decoder-ogg-vorbis: bf7c407c2cedff20999df2af8eb42d56 -> 
  custom:audio-encoder-webm-vorbis: bf7c407c2cedff20999df2af8eb42d56 -> 
========================================================================
Received Prepare
Registering precompiled user dll's ...
Registered in 0.004099 seconds.
Begin MonoManager ReloadAssembly
Native extension for WindowsStandalone target not found
Refreshing native plugins compatible for Editor in 0.55 ms, found 3 plugins.
Preloading 0 native plugins for Editor in 0.00 ms.
Mono: successfully reloaded assembly
- Completed reload, in  0.974 seconds
Domain Reload Profiling:
	ReloadAssembly (979ms)
		BeginReloadAssembly (249ms)
			ExecutionOrderSort (0ms)
			DisableScriptedObjects (97ms)
			BackupInstance (0ms)
			ReleaseScriptingObjects (0ms)
			CreateAndSetChildDomain (52ms)
		EndReloadAssembly (676ms)
			LoadAssemblies (83ms)
			RebuildTransferFunctionScriptingTraits (0ms)
			SetupTypeCache (233ms)
			ReleaseScriptCaches (1ms)
			RebuildScriptCaches (34ms)
			SetupLoadedEditorAssemblies (254ms)
				LogAssemblyErrors (0ms)
				InitializePlatformSupportModulesInManaged (4ms)
				SetLoadedEditorAssemblies (0ms)
				RefreshPlugins (1ms)
				BeforeProcessingInitializeOnLoad (72ms)
				ProcessInitializeOnLoadAttributes (160ms)
				ProcessInitializeOnLoadMethodAttributes (10ms)
				AfterProcessingInitializeOnLoad (6ms)
				EditorAssembliesLoaded (0ms)
			ExecutionOrderSort2 (0ms)
			AwakeInstancesAfterBackupRestoration (8ms)
Platform modules already initialized, skipping
Refreshing native plugins compatible for Editor in 0.58 ms, found 3 plugins.
Preloading 0 native plugins for Editor in 0.00 ms.
Unloading 2290 Unused Serialized files (Serialized files now loaded: 0)
System memory in use before: 104.8 MB.
System memory in use after: 105.0 MB.

Unloading 18 unused Assets to reduce memory usage. Loaded Objects now: 2767.
Total: 3.189500 ms (FindLiveObjects: 0.343100 ms CreateObjectMapping: 0.137000 ms MarkObjects: 2.685600 ms  DeleteObjects: 0.022700 ms)

AssetImportParameters requested are different than current active one (requested -> active):
  custom:framework-win-MediaFoundation: 216162199b28c13a410421893ffa2e32 -> 
  custom:video-decoder-ogg-theora: a1e56fd34408186e4bbccfd4996cb3dc -> 
  custom:container-muxer-webm: aa71ff27fc2769a1b78a27578f13a17b -> 
  custom:container-demuxer-webm: 4f35f7cbe854078d1ac9338744f61a02 -> 
  custom:container-demuxer-ogg: 62fdf1f143b41e24485cea50d1cbac27 -> 
  custom:video-encoder-webm-vp8: eb34c28f22e8b96e1ab97ce403110664 -> 
  custom:video-decoder-webm-vp8: 9c59270c3fd7afecdb556c50c9e8de78 -> 
  custom:audio-decoder-ogg-vorbis: bf7c407c2cedff20999df2af8eb42d56 -> 
  custom:audio-encoder-webm-vorbis: bf7c407c2cedff20999df2af8eb42d56 -> 
========================================================================
Received Prepare
Registering precompiled user dll's ...
Registered in 0.004010 seconds.
Begin MonoManager ReloadAssembly
Native extension for WindowsStandalone target not found
Refreshing native plugins compatible for Editor in 0.57 ms, found 3 plugins.
Preloading 0 native plugins for Editor in 0.00 ms.
Mono: successfully reloaded assembly
- Completed reload, in  1.100 seconds
Domain Reload Profiling:
	ReloadAssembly (1100ms)
		BeginReloadAssembly (388ms)
			ExecutionOrderSort (0ms)
			DisableScriptedObjects (5ms)
			BackupInstance (0ms)
			ReleaseScriptingObjects (0ms)
			CreateAndSetChildDomain (164ms)
		EndReloadAssembly (662ms)
			LoadAssemblies (88ms)
			RebuildTransferFunctionScriptingTraits (0ms)
			SetupTypeCache (219ms)
			ReleaseScriptCaches (1ms)
			RebuildScriptCaches (32ms)
			SetupLoadedEditorAssemblies (257ms)
				LogAssemblyErrors (0ms)
				InitializePlatformSupportModulesInManaged (4ms)
				SetLoadedEditorAssemblies (0ms)
				RefreshPlugins (1ms)
				BeforeProcessingInitializeOnLoad (74ms)
				ProcessInitializeOnLoadAttributes (164ms)
				ProcessInitializeOnLoadMethodAttributes (9ms)
				AfterProcessingInitializeOnLoad (5ms)
				EditorAssembliesLoaded (0ms)
			ExecutionOrderSort2 (0ms)
			AwakeInstancesAfterBackupRestoration (7ms)
Platform modules already initialized, skipping
Refreshing native plugins compatible for Editor in 0.57 ms, found 3 plugins.
Preloading 0 native plugins for Editor in 0.00 ms.
Unloading 2290 Unused Serialized files (Serialized files now loaded: 0)
System memory in use before: 104.7 MB.
System memory in use after: 104.9 MB.

Unloading 17 unused Assets to reduce memory usage. Loaded Objects now: 2769.
Total: 2.774500 ms (FindLiveObjects: 0.243300 ms CreateObjectMapping: 0.060200 ms MarkObjects: 2.453800 ms  DeleteObjects: 0.016400 ms)

AssetImportParameters requested are different than current active one (requested -> active):
  custom:framework-win-MediaFoundation: 216162199b28c13a410421893ffa2e32 -> 
  custom:video-decoder-ogg-theora: a1e56fd34408186e4bbccfd4996cb3dc -> 
  custom:container-muxer-webm: aa71ff27fc2769a1b78a27578f13a17b -> 
  custom:container-demuxer-webm: 4f35f7cbe854078d1ac9338744f61a02 -> 
  custom:container-demuxer-ogg: 62fdf1f143b41e24485cea50d1cbac27 -> 
  custom:video-encoder-webm-vp8: eb34c28f22e8b96e1ab97ce403110664 -> 
  custom:video-decoder-webm-vp8: 9c59270c3fd7afecdb556c50c9e8de78 -> 
  custom:audio-decoder-ogg-vorbis: bf7c407c2cedff20999df2af8eb42d56 -> 
  custom:audio-encoder-webm-vorbis: bf7c407c2cedff20999df2af8eb42d56 -> 
========================================================================
Received Import Request.
  Time since last request: 693.296358 seconds.
  path: Assets/Prefabs/GameObject.prefab
  artifactKey: Guid(15b0041b181d0724e9deff330a05a46c) Importer(815301076,1909f56bfc062723c751e8b465ee728b)
Start importing Assets/Prefabs/GameObject.prefab using Guid(15b0041b181d0724e9deff330a05a46c) Importer(815301076,1909f56bfc062723c751e8b465ee728b)  -> (artifact id: 'd6a5b851ec01f20153aaf72b99cd0dd7') in 0.175921 seconds 
  Import took 0.216915 seconds .

========================================================================
Received Import Request.
  Time since last request: 5.159190 seconds.
  path: Assets/Prefabs/Empty.prefab
  artifactKey: Guid(15b0041b181d0724e9deff330a05a46c) Importer(815301076,1909f56bfc062723c751e8b465ee728b)
Start importing Assets/Prefabs/Empty.prefab using Guid(15b0041b181d0724e9deff330a05a46c) Importer(815301076,1909f56bfc062723c751e8b465ee728b)  -> (artifact id: '44e8bc03d87f41f48767abf6c5f467c6') in 0.116001 seconds 
  Import took 0.194121 seconds .

========================================================================
Received Prepare
Registering precompiled user dll's ...
Registered in 0.004161 seconds.
Begin MonoManager ReloadAssembly
Native extension for WindowsStandalone target not found
Refreshing native plugins compatible for Editor in 0.64 ms, found 3 plugins.
Preloading 0 native plugins for Editor in 0.00 ms.
Mono: successfully reloaded assembly
- Completed reload, in  0.800 seconds
Domain Reload Profiling:
	ReloadAssembly (800ms)
		BeginReloadAssembly (110ms)
			ExecutionOrderSort (0ms)
			DisableScriptedObjects (5ms)
			BackupInstance (0ms)
			ReleaseScriptingObjects (0ms)
			CreateAndSetChildDomain (33ms)
		EndReloadAssembly (639ms)
			LoadAssemblies (81ms)
			RebuildTransferFunctionScriptingTraits (0ms)
			SetupTypeCache (212ms)
			ReleaseScriptCaches (1ms)
			RebuildScriptCaches (31ms)
			SetupLoadedEditorAssemblies (246ms)
				LogAssemblyErrors (0ms)
				InitializePlatformSupportModulesInManaged (4ms)
				SetLoadedEditorAssemblies (0ms)
				RefreshPlugins (1ms)
				BeforeProcessingInitializeOnLoad (69ms)
				ProcessInitializeOnLoadAttributes (157ms)
				ProcessInitializeOnLoadMethodAttributes (10ms)
				AfterProcessingInitializeOnLoad (5ms)
				EditorAssembliesLoaded (0ms)
			ExecutionOrderSort2 (0ms)
			AwakeInstancesAfterBackupRestoration (8ms)
Platform modules already initialized, skipping
Refreshing native plugins compatible for Editor in 0.56 ms, found 3 plugins.
Preloading 0 native plugins for Editor in 0.00 ms.
Unloading 2290 Unused Serialized files (Serialized files now loaded: 0)
System memory in use before: 104.8 MB.
System memory in use after: 105.0 MB.

Unloading 17 unused Assets to reduce memory usage. Loaded Objects now: 2771.
Total: 2.714000 ms (FindLiveObjects: 0.220300 ms CreateObjectMapping: 0.060800 ms MarkObjects: 2.417900 ms  DeleteObjects: 0.014100 ms)

AssetImportParameters requested are different than current active one (requested -> active):
  custom:framework-win-MediaFoundation: 216162199b28c13a410421893ffa2e32 -> 
  custom:video-decoder-ogg-theora: a1e56fd34408186e4bbccfd4996cb3dc -> 
  custom:container-muxer-webm: aa71ff27fc2769a1b78a27578f13a17b -> 
  custom:container-demuxer-webm: 4f35f7cbe854078d1ac9338744f61a02 -> 
  custom:container-demuxer-ogg: 62fdf1f143b41e24485cea50d1cbac27 -> 
  custom:video-encoder-webm-vp8: eb34c28f22e8b96e1ab97ce403110664 -> 
  custom:video-decoder-webm-vp8: 9c59270c3fd7afecdb556c50c9e8de78 -> 
  custom:audio-decoder-ogg-vorbis: bf7c407c2cedff20999df2af8eb42d56 -> 
  custom:audio-encoder-webm-vorbis: bf7c407c2cedff20999df2af8eb42d56 -> 
========================================================================
Received Prepare
Registering precompiled user dll's ...
Registered in 0.004044 seconds.
Begin MonoManager ReloadAssembly
Native extension for WindowsStandalone target not found
Refreshing native plugins compatible for Editor in 0.56 ms, found 3 plugins.
Preloading 0 native plugins for Editor in 0.00 ms.
Mono: successfully reloaded assembly
- Completed reload, in  0.789 seconds
Domain Reload Profiling:
	ReloadAssembly (789ms)
		BeginReloadAssembly (103ms)
			ExecutionOrderSort (0ms)
			DisableScriptedObjects (5ms)
			BackupInstance (0ms)
			ReleaseScriptingObjects (0ms)
			CreateAndSetChildDomain (31ms)
		EndReloadAssembly (637ms)
			LoadAssemblies (80ms)
			RebuildTransferFunctionScriptingTraits (0ms)
			SetupTypeCache (214ms)
			ReleaseScriptCaches (1ms)
			RebuildScriptCaches (31ms)
			SetupLoadedEditorAssemblies (243ms)
				LogAssemblyErrors (0ms)
				InitializePlatformSupportModulesInManaged (4ms)
				SetLoadedEditorAssemblies (0ms)
				RefreshPlugins (1ms)
				BeforeProcessingInitializeOnLoad (68ms)
				ProcessInitializeOnLoadAttributes (155ms)
				ProcessInitializeOnLoadMethodAttributes (9ms)
				AfterProcessingInitializeOnLoad (5ms)
				EditorAssembliesLoaded (0ms)
			ExecutionOrderSort2 (0ms)
			AwakeInstancesAfterBackupRestoration (7ms)
Platform modules already initialized, skipping
Refreshing native plugins compatible for Editor in 0.55 ms, found 3 plugins.
Preloading 0 native plugins for Editor in 0.00 ms.
Unloading 2290 Unused Serialized files (Serialized files now loaded: 0)
System memory in use before: 104.8 MB.
System memory in use after: 105.0 MB.

Unloading 17 unused Assets to reduce memory usage. Loaded Objects now: 2773.
Total: 2.769100 ms (FindLiveObjects: 0.223300 ms CreateObjectMapping: 0.060400 ms MarkObjects: 2.466700 ms  DeleteObjects: 0.017900 ms)

AssetImportParameters requested are different than current active one (requested -> active):
  custom:framework-win-MediaFoundation: 216162199b28c13a410421893ffa2e32 -> 
  custom:video-decoder-ogg-theora: a1e56fd34408186e4bbccfd4996cb3dc -> 
  custom:container-muxer-webm: aa71ff27fc2769a1b78a27578f13a17b -> 
  custom:container-demuxer-webm: 4f35f7cbe854078d1ac9338744f61a02 -> 
  custom:container-demuxer-ogg: 62fdf1f143b41e24485cea50d1cbac27 -> 
  custom:video-encoder-webm-vp8: eb34c28f22e8b96e1ab97ce403110664 -> 
  custom:video-decoder-webm-vp8: 9c59270c3fd7afecdb556c50c9e8de78 -> 
  custom:audio-decoder-ogg-vorbis: bf7c407c2cedff20999df2af8eb42d56 -> 
  custom:audio-encoder-webm-vorbis: bf7c407c2cedff20999df2af8eb42d56 -> 
========================================================================
Received Prepare
Registering precompiled user dll's ...
Registered in 0.004055 seconds.
Begin MonoManager ReloadAssembly
Native extension for WindowsStandalone target not found
Refreshing native plugins compatible for Editor in 0.57 ms, found 3 plugins.
Preloading 0 native plugins for Editor in 0.00 ms.
Mono: successfully reloaded assembly
- Completed reload, in  0.824 seconds
Domain Reload Profiling:
	ReloadAssembly (825ms)
		BeginReloadAssembly (103ms)
			ExecutionOrderSort (0ms)
			DisableScriptedObjects (5ms)
			BackupInstance (0ms)
			ReleaseScriptingObjects (0ms)
			CreateAndSetChildDomain (30ms)
		EndReloadAssembly (672ms)
			LoadAssemblies (85ms)
			RebuildTransferFunctionScriptingTraits (0ms)
			SetupTypeCache (227ms)
			ReleaseScriptCaches (1ms)
			RebuildScriptCaches (32ms)
			SetupLoadedEditorAssemblies (254ms)
				LogAssemblyErrors (0ms)
				InitializePlatformSupportModulesInManaged (4ms)
				SetLoadedEditorAssemblies (0ms)
				RefreshPlugins (1ms)
				BeforeProcessingInitializeOnLoad (71ms)
				ProcessInitializeOnLoadAttributes (163ms)
				ProcessInitializeOnLoadMethodAttributes (10ms)
				AfterProcessingInitializeOnLoad (5ms)
				EditorAssembliesLoaded (0ms)
			ExecutionOrderSort2 (0ms)
			AwakeInstancesAfterBackupRestoration (8ms)
Platform modules already initialized, skipping
Refreshing native plugins compatible for Editor in 10.65 ms, found 3 plugins.
Preloading 0 native plugins for Editor in 0.00 ms.
Unloading 2290 Unused Serialized files (Serialized files now loaded: 0)
System memory in use before: 104.8 MB.
System memory in use after: 105.0 MB.

Unloading 17 unused Assets to reduce memory usage. Loaded Objects now: 2775.
Total: 30.785000 ms (FindLiveObjects: 5.960800 ms CreateObjectMapping: 1.231700 ms MarkObjects: 23.565500 ms  DeleteObjects: 0.025500 ms)

AssetImportParameters requested are different than current active one (requested -> active):
  custom:framework-win-MediaFoundation: 216162199b28c13a410421893ffa2e32 -> 
  custom:video-decoder-ogg-theora: a1e56fd34408186e4bbccfd4996cb3dc -> 
  custom:container-muxer-webm: aa71ff27fc2769a1b78a27578f13a17b -> 
  custom:container-demuxer-webm: 4f35f7cbe854078d1ac9338744f61a02 -> 
  custom:container-demuxer-ogg: 62fdf1f143b41e24485cea50d1cbac27 -> 
  custom:video-encoder-webm-vp8: eb34c28f22e8b96e1ab97ce403110664 -> 
  custom:video-decoder-webm-vp8: 9c59270c3fd7afecdb556c50c9e8de78 -> 
  custom:audio-decoder-ogg-vorbis: bf7c407c2cedff20999df2af8eb42d56 -> 
  custom:audio-encoder-webm-vorbis: bf7c407c2cedff20999df2af8eb42d56 -> 
========================================================================
Received Import Request.
  Time since last request: 329.319079 seconds.
  path: Assets/Images/Num_Cursor.png
  artifactKey: Guid(0358dcf01d93b5e4090c34202d3fcb84) Importer(815301076,1909f56bfc062723c751e8b465ee728b)
Start importing Assets/Images/Num_Cursor.png using Guid(0358dcf01d93b5e4090c34202d3fcb84) Importer(815301076,1909f56bfc062723c751e8b465ee728b)  -> (artifact id: '49006594c61afdf9a981e613353bea98') in 0.045443 seconds 
  Import took 0.049050 seconds .

========================================================================
Received Import Request.
  Time since last request: 0.000191 seconds.
  path: Assets/Images/Num_Unused.png
  artifactKey: Guid(bd6fedb2225fbcf428886d0a73cb6794) Importer(815301076,1909f56bfc062723c751e8b465ee728b)
Start importing Assets/Images/Num_Unused.png using Guid(bd6fedb2225fbcf428886d0a73cb6794) Importer(815301076,1909f56bfc062723c751e8b465ee728b)  -> (artifact id: 'a0ef447c63756ab9e3fa77ef630e5e6c') in 0.011697 seconds 
  Import took 0.014833 seconds .

========================================================================
Received Import Request.
  Time since last request: 0.000162 seconds.
  path: Assets/Images/Num_Used.png
  artifactKey: Guid(dd719db34028b1f428a557bb30dae492) Importer(815301076,1909f56bfc062723c751e8b465ee728b)
Start importing Assets/Images/Num_Used.png using Guid(dd719db34028b1f428a557bb30dae492) Importer(815301076,1909f56bfc062723c751e8b465ee728b)  -> (artifact id: 'c3085398d741c30449e6bc3b5b91e83f') in 0.033400 seconds 
  Import took 0.036736 seconds .

========================================================================
Received Import Request.
  Time since last request: 10.223199 seconds.
  path: Assets/Images/Num_Unused.png
  artifactKey: Guid(bd6fedb2225fbcf428886d0a73cb6794) Importer(815301076,1909f56bfc062723c751e8b465ee728b)
Start importing Assets/Images/Num_Unused.png using Guid(bd6fedb2225fbcf428886d0a73cb6794) Importer(815301076,1909f56bfc062723c751e8b465ee728b)  -> (artifact id: 'e5354364409e17b19d26931956e3cbbc') in 0.027244 seconds 
  Import took 0.030962 seconds .

========================================================================
Received Import Request.
  Time since last request: 0.000151 seconds.
  path: Assets/Images/Num_Cursor.png
  artifactKey: Guid(0358dcf01d93b5e4090c34202d3fcb84) Importer(815301076,1909f56bfc062723c751e8b465ee728b)
Start importing Assets/Images/Num_Cursor.png using Guid(0358dcf01d93b5e4090c34202d3fcb84) Importer(815301076,1909f56bfc062723c751e8b465ee728b)  -> (artifact id: '0952b4664079473b0bb7b0778d4e5f3b') in 0.015452 seconds 
  Import took 0.018562 seconds .

========================================================================
Received Import Request.
  Time since last request: 0.000252 seconds.
  path: Assets/Images/Num_Used.png
  artifactKey: Guid(dd719db34028b1f428a557bb30dae492) Importer(815301076,1909f56bfc062723c751e8b465ee728b)
Start importing Assets/Images/Num_Used.png using Guid(dd719db34028b1f428a557bb30dae492) Importer(815301076,1909f56bfc062723c751e8b465ee728b)  -> (artifact id: 'caf0f542cf5f636155225dc0c35c4b29') in 0.025860 seconds 
  Import took 0.029433 seconds .

========================================================================
Received Import Request.
  Time since last request: 11.575016 seconds.
  path: Assets/Images/MadeTable/Table_Category.png
  artifactKey: Guid(95421812ecfd7664c9f45112d09d04af) Importer(815301076,1909f56bfc062723c751e8b465ee728b)
Start importing Assets/Images/MadeTable/Table_Category.png using Guid(95421812ecfd7664c9f45112d09d04af) Importer(815301076,1909f56bfc062723c751e8b465ee728b)  -> (artifact id: '06f1f9f43a61e518b7ed9591b46d2aba') in 0.018977 seconds 
  Import took 0.022620 seconds .

========================================================================
Received Import Request.
  Time since last request: 0.000135 seconds.
  path: Assets/Images/MadeTable/Table_Aces2.png
  artifactKey: Guid(1ef53df06cebf9443b4f464456e129ae) Importer(815301076,1909f56bfc062723c751e8b465ee728b)
Start importing Assets/Images/MadeTable/Table_Aces2.png using Guid(1ef53df06cebf9443b4f464456e129ae) Importer(815301076,1909f56bfc062723c751e8b465ee728b)  -> (artifact id: '0cec1a5f24e4663442d794302b3b73ec') in 0.033023 seconds 
  Import took 0.036482 seconds .

========================================================================
Received Import Request.
  Time since last request: 0.000159 seconds.
  path: Assets/Images/MadeTable/Table_Sixes2.png
  artifactKey: Guid(39ae246f98aabc14d9edafd70e799ea0) Importer(815301076,1909f56bfc062723c751e8b465ee728b)
Start importing Assets/Images/MadeTable/Table_Sixes2.png using Guid(39ae246f98aabc14d9edafd70e799ea0) Importer(815301076,1909f56bfc062723c751e8b465ee728b)  -> (artifact id: 'ba3e47c052bdd9511192f2f916479813') in 0.014012 seconds 
  Import took 0.017286 seconds .

========================================================================
Received Import Request.
  Time since last request: 0.000157 seconds.
  path: Assets/Images/MadeTable/Table_Deuces3.png
  artifactKey: Guid(e900ba803c4b3904caef32e041fab088) Importer(815301076,1909f56bfc062723c751e8b465ee728b)
Start importing Assets/Images/MadeTable/Table_Deuces3.png using Guid(e900ba803c4b3904caef32e041fab088) Importer(815301076,1909f56bfc062723c751e8b465ee728b)  -> (artifact id: '0af8400e78aed7882794509f10618bce') in 0.034409 seconds 
  Import took 0.038036 seconds .

========================================================================
Received Import Request.
  Time since last request: 0.000153 seconds.
  path: Assets/Images/MadeTable/Table_Fh3.png
  artifactKey: Guid(18701436e6c4dbe47a8ee01a983d3669) Importer(815301076,1909f56bfc062723c751e8b465ee728b)
Start importing Assets/Images/MadeTable/Table_Fh3.png using Guid(18701436e6c4dbe47a8ee01a983d3669) Importer(815301076,1909f56bfc062723c751e8b465ee728b)  -> (artifact id: '947854543d94bee4777c8fb6ac07bfb1') in 0.019929 seconds 
  Import took 0.023190 seconds .

========================================================================
Received Import Request.
  Time since last request: 0.000161 seconds.
  path: Assets/Images/MadeTable/Table_Yacht2.png
  artifactKey: Guid(4fc57ba58775ed84b9acea57cd269b16) Importer(815301076,1909f56bfc062723c751e8b465ee728b)
Start importing Assets/Images/MadeTable/Table_Yacht2.png using Guid(4fc57ba58775ed84b9acea57cd269b16) Importer(815301076,1909f56bfc062723c751e8b465ee728b)  -> (artifact id: '5afa3e609aba8cad3629c7e7cb2ce9e2') in 0.028732 seconds 
  Import took 0.032347 seconds .

========================================================================
Received Import Request.
  Time since last request: 0.000169 seconds.
  path: Assets/Images/MadeTable/Table_Choice1.png
  artifactKey: Guid(2c9d255554b65f642bda5521a5caa1c8) Importer(815301076,1909f56bfc062723c751e8b465ee728b)
Start importing Assets/Images/MadeTable/Table_Choice1.png using Guid(2c9d255554b65f642bda5521a5caa1c8) Importer(815301076,1909f56bfc062723c751e8b465ee728b)  -> (artifact id: '343d507b2614659373c4c17dd354c343') in 0.025580 seconds 
  Import took 0.029059 seconds .

========================================================================
Received Import Request.
  Time since last request: 0.000153 seconds.
  path: Assets/Images/MadeTable/Table_Choice3.png
  artifactKey: Guid(32449c5278caa57488e3739a1d0ff935) Importer(815301076,1909f56bfc062723c751e8b465ee728b)
Start importing Assets/Images/MadeTable/Table_Choice3.png using Guid(32449c5278caa57488e3739a1d0ff935) Importer(815301076,1909f56bfc062723c751e8b465ee728b)  -> (artifact id: 'fa583da481ac7b434db4f42a29026c7a') in 0.010597 seconds 
  Import took 0.013684 seconds .

========================================================================
Received Import Request.
  Time since last request: 0.000151 seconds.
  path: Assets/Images/MadeTable/Table_Aces1.png
  artifactKey: Guid(db85741f93639ae45be5625d7d9895be) Importer(815301076,1909f56bfc062723c751e8b465ee728b)
Start importing Assets/Images/MadeTable/Table_Aces1.png using Guid(db85741f93639ae45be5625d7d9895be) Importer(815301076,1909f56bfc062723c751e8b465ee728b)  -> (artifact id: 'e7a090688bd3b8ae3c8a39a411fd23a3') in 0.012995 seconds 
  Import took 0.016430 seconds .

========================================================================
Received Import Request.
  Time since last request: 0.000138 seconds.
  path: Assets/Images/MadeTable/Table_Ss3.png
  artifactKey: Guid(19cb8b79cb98e9a4e8fd52bbec482e64) Importer(815301076,1909f56bfc062723c751e8b465ee728b)
Start importing Assets/Images/MadeTable/Table_Ss3.png using Guid(19cb8b79cb98e9a4e8fd52bbec482e64) Importer(815301076,1909f56bfc062723c751e8b465ee728b)  -> (artifact id: 'c9ca0f781d8cabf0f062dc5553095879') in 0.011360 seconds 
  Import took 0.014584 seconds .

========================================================================
Received Import Request.
  Time since last request: 0.000144 seconds.
  path: Assets/Images/MadeTable/Table_Deuces1.png
  artifactKey: Guid(8b90ad3deee981d49a29299d615a3168) Importer(815301076,1909f56bfc062723c751e8b465ee728b)
Start importing Assets/Images/MadeTable/Table_Deuces1.png using Guid(8b90ad3deee981d49a29299d615a3168) Importer(815301076,1909f56bfc062723c751e8b465ee728b)  -> (artifact id: '36b51dace1169b639ecea56597a6c7ae') in 0.010391 seconds 
  Import took 0.013754 seconds .

========================================================================
Received Import Request.
  Time since last request: 0.000157 seconds.
  path: Assets/Images/MadeTable/Table_Yacht3.png
  artifactKey: Guid(976894388db3af8449425f4845aaa721) Importer(815301076,1909f56bfc062723c751e8b465ee728b)
Start importing Assets/Images/MadeTable/Table_Yacht3.png using Guid(976894388db3af8449425f4845aaa721) Importer(815301076,1909f56bfc062723c751e8b465ee728b)  -> (artifact id: '5c8b002ea5e4c82ab61986a27997f548') in 0.010852 seconds 
  Import took 0.014136 seconds .

========================================================================
Received Import Request.
  Time since last request: 0.000137 seconds.
  path: Assets/Images/MadeTable/Table_Deuces2.png
  artifactKey: Guid(de2928c021990be4a88e488113e6350b) Importer(815301076,1909f56bfc062723c751e8b465ee728b)
Start importing Assets/Images/MadeTable/Table_Deuces2.png using Guid(de2928c021990be4a88e488113e6350b) Importer(815301076,1909f56bfc062723c751e8b465ee728b)  -> (artifact id: '1d80a97d72e5088fb59e495e5f109b5b') in 0.011323 seconds 
  Import took 0.014587 seconds .

========================================================================
Received Import Request.
  Time since last request: 0.000175 seconds.
  path: Assets/Images/MadeTable/Table_Fives3.png
  artifactKey: Guid(8db65f8fc0c51a84da50d2a27b3fa043) Importer(815301076,1909f56bfc062723c751e8b465ee728b)
Start importing Assets/Images/MadeTable/Table_Fives3.png using Guid(8db65f8fc0c51a84da50d2a27b3fa043) Importer(815301076,1909f56bfc062723c751e8b465ee728b)  -> (artifact id: '2934fa1f8398a09114bc6f6529acdcbc') in 0.011591 seconds 
  Import took 0.014973 seconds .

========================================================================
Received Import Request.
  Time since last request: 0.000135 seconds.
  path: Assets/Images/MadeTable/Table_Fours3.png
  artifactKey: Guid(8e9a6efa12a2977488b0b6865f65fff0) Importer(815301076,1909f56bfc062723c751e8b465ee728b)
Start importing Assets/Images/MadeTable/Table_Fours3.png using Guid(8e9a6efa12a2977488b0b6865f65fff0) Importer(815301076,1909f56bfc062723c751e8b465ee728b)  -> (artifact id: '846c6ab132ae71c4836cf8597508f598') in 0.011156 seconds 
  Import took 0.014284 seconds .

========================================================================
Received Import Request.
  Time since last request: 0.000219 seconds.
  path: Assets/Images/MadeTable/Table_Fours2.png
  artifactKey: Guid(8c78626e83494a844a5895a1a03a97f7) Importer(815301076,1909f56bfc062723c751e8b465ee728b)
Start importing Assets/Images/MadeTable/Table_Fours2.png using Guid(8c78626e83494a844a5895a1a03a97f7) Importer(815301076,1909f56bfc062723c751e8b465ee728b)  -> (artifact id: '65bd69760cad2d2cf4af601809d17b4d') in 0.010635 seconds 
  Import took 0.014284 seconds .

========================================================================
Received Import Request.
  Time since last request: 0.000149 seconds.
  path: Assets/Images/MadeTable/Table_Threes2.png
  artifactKey: Guid(4ee255d81acecd04d928971fd44a22d6) Importer(815301076,1909f56bfc062723c751e8b465ee728b)
Start importing Assets/Images/MadeTable/Table_Threes2.png using Guid(4ee255d81acecd04d928971fd44a22d6) Importer(815301076,1909f56bfc062723c751e8b465ee728b)  -> (artifact id: '26af6593336a2d28ac1ac12c275bce80') in 0.011960 seconds 
  Import took 0.015322 seconds .

========================================================================
Received Import Request.
  Time since last request: 0.000147 seconds.
  path: Assets/Images/MadeTable/Table_Threes3.png
  artifactKey: Guid(de7444a92b0a9bd489edb0bed02d3ef3) Importer(815301076,1909f56bfc062723c751e8b465ee728b)
Start importing Assets/Images/MadeTable/Table_Threes3.png using Guid(de7444a92b0a9bd489edb0bed02d3ef3) Importer(815301076,1909f56bfc062723c751e8b465ee728b)  -> (artifact id: '5a39a27c46e5025963491b0791a8a27e') in 0.010908 seconds 
  Import took 0.014224 seconds .

========================================================================
Received Import Request.
  Time since last request: 0.000147 seconds.
  path: Assets/Images/MadeTable/Table_Ss2.png
  artifactKey: Guid(7529b56a41f75e94fb13a5f3379c41f4) Importer(815301076,1909f56bfc062723c751e8b465ee728b)
Start importing Assets/Images/MadeTable/Table_Ss2.png using Guid(7529b56a41f75e94fb13a5f3379c41f4) Importer(815301076,1909f56bfc062723c751e8b465ee728b)  -> (artifact id: 'f7d605ec330ffda01a037ff27a3bafd2') in 0.013791 seconds 
  Import took 0.017114 seconds .

========================================================================
Received Import Request.
  Time since last request: 0.000156 seconds.
  path: Assets/Images/MadeTable/Table_Sixes3.png
  artifactKey: Guid(4d9036b20f11fa24e8c0ddcaaf6b04a3) Importer(815301076,1909f56bfc062723c751e8b465ee728b)
Start importing Assets/Images/MadeTable/Table_Sixes3.png using Guid(4d9036b20f11fa24e8c0ddcaaf6b04a3) Importer(815301076,1909f56bfc062723c751e8b465ee728b)  -> (artifact id: '9fa4e3660cc570c86d69217335832dd6') in 0.011218 seconds 
  Import took 0.014511 seconds .

========================================================================
Received Import Request.
  Time since last request: 0.000163 seconds.
  path: Assets/Images/MadeTable/Table_4oak2.png
  artifactKey: Guid(d1e7b4e7b585db34bb0d55a89d6d1132) Importer(815301076,1909f56bfc062723c751e8b465ee728b)
Start importing Assets/Images/MadeTable/Table_4oak2.png using Guid(d1e7b4e7b585db34bb0d55a89d6d1132) Importer(815301076,1909f56bfc062723c751e8b465ee728b)  -> (artifact id: '8538cf72bf24ad3eb429af7335075b8f') in 0.010906 seconds 
  Import took 0.014345 seconds .

========================================================================
Received Import Request.
  Time since last request: 0.000145 seconds.
  path: Assets/Images/MadeTable/Table_Fives1.png
  artifactKey: Guid(74d06e67f67f1844d9be76893910e3fc) Importer(815301076,1909f56bfc062723c751e8b465ee728b)
Start importing Assets/Images/MadeTable/Table_Fives1.png using Guid(74d06e67f67f1844d9be76893910e3fc) Importer(815301076,1909f56bfc062723c751e8b465ee728b)  -> (artifact id: '62191b253aa8296bc3c310104d37c5ca') in 0.010334 seconds 
  Import took 0.013656 seconds .

========================================================================
Received Import Request.
  Time since last request: 0.000166 seconds.
  path: Assets/Images/MadeTable/Table_Fours1.png
  artifactKey: Guid(f2a32e38755d3344fa012d0e208cf423) Importer(815301076,1909f56bfc062723c751e8b465ee728b)
Start importing Assets/Images/MadeTable/Table_Fours1.png using Guid(f2a32e38755d3344fa012d0e208cf423) Importer(815301076,1909f56bfc062723c751e8b465ee728b)  -> (artifact id: 'd0122fd5458a5ce7b099f71c958999c9') in 0.012771 seconds 
  Import took 0.016517 seconds .

========================================================================
Received Import Request.
  Time since last request: 0.000167 seconds.
  path: Assets/Images/MadeTable/Table_Fh1.png
  artifactKey: Guid(005a67c43d9ba2146b66383a6b33ceea) Importer(815301076,1909f56bfc062723c751e8b465ee728b)
Start importing Assets/Images/MadeTable/Table_Fh1.png using Guid(005a67c43d9ba2146b66383a6b33ceea) Importer(815301076,1909f56bfc062723c751e8b465ee728b)  -> (artifact id: '27b13d8b916752e6a80064f4ed68a54f') in 0.010642 seconds 
  Import took 0.014131 seconds .

========================================================================
Received Import Request.
  Time since last request: 0.000154 seconds.
  path: Assets/Images/MadeTable/Table_Aces3.png
  artifactKey: Guid(e505fb0fc092790499e9c3add8203d41) Importer(815301076,1909f56bfc062723c751e8b465ee728b)
Start importing Assets/Images/MadeTable/Table_Aces3.png using Guid(e505fb0fc092790499e9c3add8203d41) Importer(815301076,1909f56bfc062723c751e8b465ee728b)  -> (artifact id: 'cfe1cb23cb7947ab006fd96b44e2c25b') in 0.011574 seconds 
  Import took 0.014682 seconds .

========================================================================
Received Import Request.
  Time since last request: 0.000150 seconds.
  path: Assets/Images/MadeTable/Table_4oak3.png
  artifactKey: Guid(3a213475c0a76ca478c98d2fa9765130) Importer(815301076,1909f56bfc062723c751e8b465ee728b)
Start importing Assets/Images/MadeTable/Table_4oak3.png using Guid(3a213475c0a76ca478c98d2fa9765130) Importer(815301076,1909f56bfc062723c751e8b465ee728b)  -> (artifact id: '203147422acacc27a186bc8ac532223f') in 0.011760 seconds 
  Import took 0.014895 seconds .

========================================================================
Received Import Request.
  Time since last request: 0.000163 seconds.
  path: Assets/Images/MadeTable/Table_Sixes1.png
  artifactKey: Guid(f30f83efb9badda4f8f4105ec5a3a740) Importer(815301076,1909f56bfc062723c751e8b465ee728b)
Start importing Assets/Images/MadeTable/Table_Sixes1.png using Guid(f30f83efb9badda4f8f4105ec5a3a740) Importer(815301076,1909f56bfc062723c751e8b465ee728b)  -> (artifact id: 'debd99e90140e93dc1bfcf424468eb9a') in 0.013165 seconds 
  Import took 0.016257 seconds .

========================================================================
Received Import Request.
  Time since last request: 0.000150 seconds.
  path: Assets/Images/MadeTable/Table_Bonus.png
  artifactKey: Guid(acceb79c1b722b042bec0ced832b5608) Importer(815301076,1909f56bfc062723c751e8b465ee728b)
Start importing Assets/Images/MadeTable/Table_Bonus.png using Guid(acceb79c1b722b042bec0ced832b5608) Importer(815301076,1909f56bfc062723c751e8b465ee728b)  -> (artifact id: '99959572348430c7f3752b73ee4f3663') in 0.008145 seconds 
  Import took 0.011515 seconds .

========================================================================
Received Import Request.
  Time since last request: 0.000142 seconds.
  path: Assets/Images/MadeTable/Table_Fh2.png
  artifactKey: Guid(0aa3eadd51b886944a5abc445ad47d2d) Importer(815301076,1909f56bfc062723c751e8b465ee728b)
Start importing Assets/Images/MadeTable/Table_Fh2.png using Guid(0aa3eadd51b886944a5abc445ad47d2d) Importer(815301076,1909f56bfc062723c751e8b465ee728b)  -> (artifact id: '8a51b270cad2bed2c621cc5ea03dbb67') in 0.010950 seconds 
  Import took 0.014443 seconds .

========================================================================
Received Import Request.
  Time since last request: 0.000185 seconds.
  path: Assets/Images/MadeTable/Table_Ss1.png
  artifactKey: Guid(920aa32c49fb49344b4858870d00a789) Importer(815301076,1909f56bfc062723c751e8b465ee728b)
Start importing Assets/Images/MadeTable/Table_Ss1.png using Guid(920aa32c49fb49344b4858870d00a789) Importer(815301076,1909f56bfc062723c751e8b465ee728b)  -> (artifact id: '5baec418b1477aa7e25ee14feccb981f') in 0.011356 seconds 
  Import took 0.014923 seconds .

========================================================================
Received Import Request.
  Time since last request: 0.000161 seconds.
  path: Assets/Images/MadeTable/Table_Yacht1.png
  artifactKey: Guid(3c5468c978f0dfc4c8a932834912ecb7) Importer(815301076,1909f56bfc062723c751e8b465ee728b)
Start importing Assets/Images/MadeTable/Table_Yacht1.png using Guid(3c5468c978f0dfc4c8a932834912ecb7) Importer(815301076,1909f56bfc062723c751e8b465ee728b)  -> (artifact id: '5c1978fc147abe0b937c2d1483d35f1f') in 0.011790 seconds 
  Import took 0.015262 seconds .

========================================================================
Received Import Request.
  Time since last request: 0.000158 seconds.
  path: Assets/Images/MadeTable/Table_Threes1.png
  artifactKey: Guid(a9a23c12b117616498fed5b3e4f35ccc) Importer(815301076,1909f56bfc062723c751e8b465ee728b)
Start importing Assets/Images/MadeTable/Table_Threes1.png using Guid(a9a23c12b117616498fed5b3e4f35ccc) Importer(815301076,1909f56bfc062723c751e8b465ee728b)  -> (artifact id: '6d921616d30165a28e9eaa22812d2fd1') in 0.012281 seconds 
  Import took 0.015775 seconds .

========================================================================
Received Import Request.
  Time since last request: 0.000166 seconds.
  path: Assets/Images/MadeTable/Table_Ls1.png
  artifactKey: Guid(ca729cfd004b4b24e989e51eb5f058a0) Importer(815301076,1909f56bfc062723c751e8b465ee728b)
Start importing Assets/Images/MadeTable/Table_Ls1.png using Guid(ca729cfd004b4b24e989e51eb5f058a0) Importer(815301076,1909f56bfc062723c751e8b465ee728b)  -> (artifact id: '761ea7ad1aeb78c6340fe7d2fd69dc54') in 0.011169 seconds 
  Import took 0.014589 seconds .

========================================================================
Received Import Request.
  Time since last request: 0.000183 seconds.
  path: Assets/Images/MadeTable/Table_Fives2.png
  artifactKey: Guid(7608958e8f5c91e4d9d6c43cc6044d56) Importer(815301076,1909f56bfc062723c751e8b465ee728b)
Start importing Assets/Images/MadeTable/Table_Fives2.png using Guid(7608958e8f5c91e4d9d6c43cc6044d56) Importer(815301076,1909f56bfc062723c751e8b465ee728b)  -> (artifact id: 'fd1aeabb6970167e22f2cccffb9bbde1') in 0.010508 seconds 
  Import took 0.013938 seconds .

========================================================================
Received Import Request.
  Time since last request: 0.000199 seconds.
  path: Assets/Images/MadeTable/Table_Ls3.png
  artifactKey: Guid(25dad57a9535a834fa0ca3add87897bc) Importer(815301076,1909f56bfc062723c751e8b465ee728b)
Start importing Assets/Images/MadeTable/Table_Ls3.png using Guid(25dad57a9535a834fa0ca3add87897bc) Importer(815301076,1909f56bfc062723c751e8b465ee728b)  -> (artifact id: 'ecb3a421b5f6a682bf584dfff26bb274') in 0.010756 seconds 
  Import took 0.014401 seconds .

========================================================================
Received Import Request.
  Time since last request: 0.000141 seconds.
  path: Assets/Images/MadeTable/Table_Ls2.png
  artifactKey: Guid(9a173426ce59c5741ae2ade381444847) Importer(815301076,1909f56bfc062723c751e8b465ee728b)
Start importing Assets/Images/MadeTable/Table_Ls2.png using Guid(9a173426ce59c5741ae2ade381444847) Importer(815301076,1909f56bfc062723c751e8b465ee728b)  -> (artifact id: 'd5d03f9d04dd236128b04c39e2f7ff9e') in 0.012748 seconds 
  Import took 0.016373 seconds .

========================================================================
Received Import Request.
  Time since last request: 0.000223 seconds.
  path: Assets/Images/MadeTable/Table_4oak1.png
  artifactKey: Guid(9fa2e80b171e4194cbf14ca96d323298) Importer(815301076,1909f56bfc062723c751e8b465ee728b)
Start importing Assets/Images/MadeTable/Table_4oak1.png using Guid(9fa2e80b171e4194cbf14ca96d323298) Importer(815301076,1909f56bfc062723c751e8b465ee728b)  -> (artifact id: '5fe43f75aacad097b66c535d04e3a6bf') in 0.010664 seconds 
  Import took 0.014150 seconds .

========================================================================
Received Import Request.
  Time since last request: 0.000141 seconds.
  path: Assets/Images/MadeTable/Table_Choice2.png
  artifactKey: Guid(0b1a6a2dce92dfc4085347c9780b9616) Importer(815301076,1909f56bfc062723c751e8b465ee728b)
Start importing Assets/Images/MadeTable/Table_Choice2.png using Guid(0b1a6a2dce92dfc4085347c9780b9616) Importer(815301076,1909f56bfc062723c751e8b465ee728b)  -> (artifact id: '0022eb939387a859dfab481cf5fb99c1') in 0.010976 seconds 
  Import took 0.014193 seconds .

========================================================================
Received Import Request.
  Time since last request: 100.695187 seconds.
  path: Assets/Images/Num_Cursor.png
  artifactKey: Guid(0358dcf01d93b5e4090c34202d3fcb84) Importer(815301076,1909f56bfc062723c751e8b465ee728b)
Start importing Assets/Images/Num_Cursor.png using Guid(0358dcf01d93b5e4090c34202d3fcb84) Importer(815301076,1909f56bfc062723c751e8b465ee728b)  -> (artifact id: '1cab5ef41047dc79051fa874316cbf37') in 0.182035 seconds 
  Import took 0.221522 seconds .

========================================================================
Received Import Request.
  Time since last request: 23.160585 seconds.
  path: Assets/Images/Num_Cursor.png
  artifactKey: Guid(0358dcf01d93b5e4090c34202d3fcb84) Importer(815301076,1909f56bfc062723c751e8b465ee728b)
Start importing Assets/Images/Num_Cursor.png using Guid(0358dcf01d93b5e4090c34202d3fcb84) Importer(815301076,1909f56bfc062723c751e8b465ee728b)  -> (artifact id: 'b78cf7ffbb9c38075f6f9c9f2942d3b6') in 0.085006 seconds 
  Import took 0.197729 seconds .

========================================================================
Received Import Request.
  Time since last request: 0.000971 seconds.
  path: Assets/Images/Num_Unused.png
  artifactKey: Guid(bd6fedb2225fbcf428886d0a73cb6794) Importer(815301076,1909f56bfc062723c751e8b465ee728b)
Start importing Assets/Images/Num_Unused.png using Guid(bd6fedb2225fbcf428886d0a73cb6794) Importer(815301076,1909f56bfc062723c751e8b465ee728b)  -> (artifact id: '1295049daf3720891969c90201f2a0ed') in 0.023866 seconds 
  Import took 0.038043 seconds .

========================================================================
Received Import Request.
  Time since last request: 0.000571 seconds.
  path: Assets/Images/Num_Used.png
  artifactKey: Guid(dd719db34028b1f428a557bb30dae492) Importer(815301076,1909f56bfc062723c751e8b465ee728b)
Start importing Assets/Images/Num_Used.png using Guid(dd719db34028b1f428a557bb30dae492) Importer(815301076,1909f56bfc062723c751e8b465ee728b)  -> (artifact id: '8dfeb4cdb3511890532a7042219d9aa3') in 0.016435 seconds 
  Import took 0.022424 seconds .

========================================================================
Received Import Request.
  Time since last request: 102.234833 seconds.
  path: Assets/Images/Num_Cursor.png
  artifactKey: Guid(0358dcf01d93b5e4090c34202d3fcb84) Importer(815301076,1909f56bfc062723c751e8b465ee728b)
Start importing Assets/Images/Num_Cursor.png using Guid(0358dcf01d93b5e4090c34202d3fcb84) Importer(815301076,1909f56bfc062723c751e8b465ee728b)  -> (artifact id: '2c6a7909e8f88b5c9083c1c57512469f') in 0.246537 seconds 
  Import took 0.278007 seconds .

========================================================================
Received Import Request.
  Time since last request: 39.784039 seconds.
  path: Assets/Images/Num_Unused.png
  artifactKey: Guid(bd6fedb2225fbcf428886d0a73cb6794) Importer(815301076,1909f56bfc062723c751e8b465ee728b)
Start importing Assets/Images/Num_Unused.png using Guid(bd6fedb2225fbcf428886d0a73cb6794) Importer(815301076,1909f56bfc062723c751e8b465ee728b)  -> (artifact id: '15009cbd82fd7075bd3b7a36deb8032a') in 0.195567 seconds 
  Import took 0.224315 seconds .

========================================================================
Received Import Request.
  Time since last request: 5.866888 seconds.
  path: Assets/Images/Num_Used.png
  artifactKey: Guid(dd719db34028b1f428a557bb30dae492) Importer(815301076,1909f56bfc062723c751e8b465ee728b)
Start importing Assets/Images/Num_Used.png using Guid(dd719db34028b1f428a557bb30dae492) Importer(815301076,1909f56bfc062723c751e8b465ee728b)  -> (artifact id: '01d6fde8cdbef33b369e9ca091d604b1') in 0.247231 seconds 
  Import took 0.284306 seconds .

========================================================================
Received Prepare
Registering precompiled user dll's ...
Registered in 0.004110 seconds.
Begin MonoManager ReloadAssembly
Native extension for WindowsStandalone target not found
Refreshing native plugins compatible for Editor in 0.60 ms, found 3 plugins.
Preloading 0 native plugins for Editor in 0.00 ms.
Mono: successfully reloaded assembly
- Completed reload, in  0.792 seconds
Domain Reload Profiling:
	ReloadAssembly (793ms)
		BeginReloadAssembly (103ms)
			ExecutionOrderSort (0ms)
			DisableScriptedObjects (5ms)
			BackupInstance (0ms)
			ReleaseScriptingObjects (0ms)
			CreateAndSetChildDomain (33ms)
		EndReloadAssembly (639ms)
			LoadAssemblies (80ms)
			RebuildTransferFunctionScriptingTraits (0ms)
			SetupTypeCache (211ms)
			ReleaseScriptCaches (1ms)
			RebuildScriptCaches (31ms)
			SetupLoadedEditorAssemblies (245ms)
				LogAssemblyErrors (0ms)
				InitializePlatformSupportModulesInManaged (4ms)
				SetLoadedEditorAssemblies (0ms)
				RefreshPlugins (1ms)
				BeforeProcessingInitializeOnLoad (69ms)
				ProcessInitializeOnLoadAttributes (156ms)
				ProcessInitializeOnLoadMethodAttributes (10ms)
				AfterProcessingInitializeOnLoad (5ms)
				EditorAssembliesLoaded (0ms)
			ExecutionOrderSort2 (0ms)
			AwakeInstancesAfterBackupRestoration (7ms)
Platform modules already initialized, skipping
Refreshing native plugins compatible for Editor in 0.56 ms, found 3 plugins.
Preloading 0 native plugins for Editor in 0.00 ms.
Unloading 2290 Unused Serialized files (Serialized files now loaded: 0)
System memory in use before: 104.8 MB.
System memory in use after: 105.1 MB.

Unloading 17 unused Assets to reduce memory usage. Loaded Objects now: 2782.
Total: 2.850000 ms (FindLiveObjects: 0.218700 ms CreateObjectMapping: 0.068100 ms MarkObjects: 2.542500 ms  DeleteObjects: 0.015800 ms)

AssetImportParameters requested are different than current active one (requested -> active):
  custom:framework-win-MediaFoundation: 216162199b28c13a410421893ffa2e32 -> 
  custom:video-decoder-ogg-theora: a1e56fd34408186e4bbccfd4996cb3dc -> 
  custom:container-muxer-webm: aa71ff27fc2769a1b78a27578f13a17b -> 
  custom:container-demuxer-webm: 4f35f7cbe854078d1ac9338744f61a02 -> 
  custom:container-demuxer-ogg: 62fdf1f143b41e24485cea50d1cbac27 -> 
  custom:video-encoder-webm-vp8: eb34c28f22e8b96e1ab97ce403110664 -> 
  custom:video-decoder-webm-vp8: 9c59270c3fd7afecdb556c50c9e8de78 -> 
  custom:audio-decoder-ogg-vorbis: bf7c407c2cedff20999df2af8eb42d56 -> 
  custom:audio-encoder-webm-vorbis: bf7c407c2cedff20999df2af8eb42d56 -> 
AssetImportWorkerClient::OnTransportError - code=2 error=End of file
